The system is: Linux - 6.0.12-602.inttf.fc37.x86_64 - x86_64
Compiling the C compiler identification source file "CMakeCCompilerId.c" succeeded.
Compiler: /usr/bin/cc 
Build flags: 
Id flags:  

The output was:
0


Compilation of the C compiler identification source "CMakeCCompilerId.c" produced "a.out"

The C compiler identification is GNU, found in "/home/devin/Documents/Fornax/build/CMakeFiles/3.25.1/CompilerIdC/a.out"

Compiling the CXX compiler identification source file "CMakeCXXCompilerId.cpp" succeeded.
Compiler: /usr/bin/c++ 
Build flags: 
Id flags:  

The output was:
0


Compilation of the CXX compiler identification source "CMakeCXXCompilerId.cpp" produced "a.out"

The CXX compiler identification is GNU, found in "/home/devin/Documents/Fornax/build/CMakeFiles/3.25.1/CompilerIdCXX/a.out"

Detecting C compiler ABI info compiled with the following output:
Change Dir: /home/devin/Documents/Fornax/build/CMakeFiles/CMakeScratch/TryCompile-iN1oQL

Run Build Command(s):/usr/bin/gmake -f Makefile cmTC_a7ae3/fast && /usr/bin/gmake  -f CMakeFiles/cmTC_a7ae3.dir/build.make CMakeFiles/cmTC_a7ae3.dir/build
gmake[1]: Entering directory '/home/devin/Documents/Fornax/build/CMakeFiles/CMakeScratch/TryCompile-iN1oQL'
Building C object CMakeFiles/cmTC_a7ae3.dir/CMakeCCompilerABI.c.o
/usr/bin/cc   -v -o CMakeFiles/cmTC_a7ae3.dir/CMakeCCompilerABI.c.o -c /usr/share/cmake/Modules/CMakeCCompilerABI.c
Using built-in specs.
COLLECT_GCC=/usr/bin/cc
OFFLOAD_TARGET_NAMES=nvptx-none
OFFLOAD_TARGET_DEFAULT=1
Target: x86_64-redhat-linux
Configured with: ../configure --enable-bootstrap --enable-languages=c,c++,fortran,objc,obj-c++,ada,go,d,lto --prefix=/usr --mandir=/usr/share/man --infodir=/usr/share/info --with-bugurl=http://bugzilla.redhat.com/bugzilla --enable-shared --enable-threads=posix --enable-checking=release --enable-multilib --with-system-zlib --enable-__cxa_atexit --disable-libunwind-exceptions --enable-gnu-unique-object --enable-linker-build-id --with-gcc-major-version-only --enable-libstdcxx-backtrace --with-linker-hash-style=gnu --enable-plugin --enable-initfini-array --with-isl=/builddir/build/BUILD/gcc-12.2.1-20221121/obj-x86_64-redhat-linux/isl-install --enable-offload-targets=nvptx-none --without-cuda-driver --enable-offload-defaulted --enable-gnu-indirect-function --enable-cet --with-tune=generic --with-arch_32=i686 --build=x86_64-redhat-linux --with-build-config=bootstrap-lto --enable-link-serialization=1
Thread model: posix
Supported LTO compression algorithms: zlib zstd
gcc version 12.2.1 20221121 (Red Hat 12.2.1-4) (GCC) 
COLLECT_GCC_OPTIONS='-v' '-o' 'CMakeFiles/cmTC_a7ae3.dir/CMakeCCompilerABI.c.o' '-c' '-mtune=generic' '-march=x86-64' '-dumpdir' 'CMakeFiles/cmTC_a7ae3.dir/'
 /usr/libexec/gcc/x86_64-redhat-linux/12/cc1 -quiet -v /usr/share/cmake/Modules/CMakeCCompilerABI.c -quiet -dumpdir CMakeFiles/cmTC_a7ae3.dir/ -dumpbase CMakeCCompilerABI.c.c -dumpbase-ext .c -mtune=generic -march=x86-64 -version -o /tmp/ccga3pt1.s
GNU C17 (GCC) version 12.2.1 20221121 (Red Hat 12.2.1-4) (x86_64-redhat-linux)
	compiled by GNU C version 12.2.1 20221121 (Red Hat 12.2.1-4), GMP version 6.2.1, MPFR version 4.1.0-p13, MPC version 1.2.1, isl version isl-0.24-GMP

GGC heuristics: --param ggc-min-expand=100 --param ggc-min-heapsize=131072
ignoring nonexistent directory "/usr/lib/gcc/x86_64-redhat-linux/12/include-fixed"
ignoring nonexistent directory "/usr/lib/gcc/x86_64-redhat-linux/12/../../../../x86_64-redhat-linux/include"
#include "..." search starts here:
#include <...> search starts here:
 /usr/lib/gcc/x86_64-redhat-linux/12/include
 /usr/local/include
 /usr/include
End of search list.
GNU C17 (GCC) version 12.2.1 20221121 (Red Hat 12.2.1-4) (x86_64-redhat-linux)
	compiled by GNU C version 12.2.1 20221121 (Red Hat 12.2.1-4), GMP version 6.2.1, MPFR version 4.1.0-p13, MPC version 1.2.1, isl version isl-0.24-GMP

GGC heuristics: --param ggc-min-expand=100 --param ggc-min-heapsize=131072
Compiler executable checksum: e7cfb398591188071efa3be810fe2962
COLLECT_GCC_OPTIONS='-v' '-o' 'CMakeFiles/cmTC_a7ae3.dir/CMakeCCompilerABI.c.o' '-c' '-mtune=generic' '-march=x86-64' '-dumpdir' 'CMakeFiles/cmTC_a7ae3.dir/'
 as -v --64 -o CMakeFiles/cmTC_a7ae3.dir/CMakeCCompilerABI.c.o /tmp/ccga3pt1.s
GNU assembler version 2.38 (x86_64-redhat-linux) using BFD version version 2.38-25.fc37
COMPILER_PATH=/usr/libexec/gcc/x86_64-redhat-linux/12/:/usr/libexec/gcc/x86_64-redhat-linux/12/:/usr/libexec/gcc/x86_64-redhat-linux/:/usr/lib/gcc/x86_64-redhat-linux/12/:/usr/lib/gcc/x86_64-redhat-linux/
LIBRARY_PATH=/usr/lib/gcc/x86_64-redhat-linux/12/:/usr/lib/gcc/x86_64-redhat-linux/12/../../../../lib64/:/lib/../lib64/:/usr/lib/../lib64/:/usr/lib/gcc/x86_64-redhat-linux/12/../../../:/lib/:/usr/lib/
COLLECT_GCC_OPTIONS='-v' '-o' 'CMakeFiles/cmTC_a7ae3.dir/CMakeCCompilerABI.c.o' '-c' '-mtune=generic' '-march=x86-64' '-dumpdir' 'CMakeFiles/cmTC_a7ae3.dir/CMakeCCompilerABI.c.'
Linking C executable cmTC_a7ae3
/usr/bin/cmake -E cmake_link_script CMakeFiles/cmTC_a7ae3.dir/link.txt --verbose=1
/usr/bin/cc  -v CMakeFiles/cmTC_a7ae3.dir/CMakeCCompilerABI.c.o -o cmTC_a7ae3 
Using built-in specs.
COLLECT_GCC=/usr/bin/cc
COLLECT_LTO_WRAPPER=/usr/libexec/gcc/x86_64-redhat-linux/12/lto-wrapper
OFFLOAD_TARGET_NAMES=nvptx-none
OFFLOAD_TARGET_DEFAULT=1
Target: x86_64-redhat-linux
Configured with: ../configure --enable-bootstrap --enable-languages=c,c++,fortran,objc,obj-c++,ada,go,d,lto --prefix=/usr --mandir=/usr/share/man --infodir=/usr/share/info --with-bugurl=http://bugzilla.redhat.com/bugzilla --enable-shared --enable-threads=posix --enable-checking=release --enable-multilib --with-system-zlib --enable-__cxa_atexit --disable-libunwind-exceptions --enable-gnu-unique-object --enable-linker-build-id --with-gcc-major-version-only --enable-libstdcxx-backtrace --with-linker-hash-style=gnu --enable-plugin --enable-initfini-array --with-isl=/builddir/build/BUILD/gcc-12.2.1-20221121/obj-x86_64-redhat-linux/isl-install --enable-offload-targets=nvptx-none --without-cuda-driver --enable-offload-defaulted --enable-gnu-indirect-function --enable-cet --with-tune=generic --with-arch_32=i686 --build=x86_64-redhat-linux --with-build-config=bootstrap-lto --enable-link-serialization=1
Thread model: posix
Supported LTO compression algorithms: zlib zstd
gcc version 12.2.1 20221121 (Red Hat 12.2.1-4) (GCC) 
COMPILER_PATH=/usr/libexec/gcc/x86_64-redhat-linux/12/:/usr/libexec/gcc/x86_64-redhat-linux/12/:/usr/libexec/gcc/x86_64-redhat-linux/:/usr/lib/gcc/x86_64-redhat-linux/12/:/usr/lib/gcc/x86_64-redhat-linux/
LIBRARY_PATH=/usr/lib/gcc/x86_64-redhat-linux/12/:/usr/lib/gcc/x86_64-redhat-linux/12/../../../../lib64/:/lib/../lib64/:/usr/lib/../lib64/:/usr/lib/gcc/x86_64-redhat-linux/12/../../../:/lib/:/usr/lib/
COLLECT_GCC_OPTIONS='-v' '-o' 'cmTC_a7ae3' '-mtune=generic' '-march=x86-64' '-dumpdir' 'cmTC_a7ae3.'
 /usr/libexec/gcc/x86_64-redhat-linux/12/collect2 -plugin /usr/libexec/gcc/x86_64-redhat-linux/12/liblto_plugin.so -plugin-opt=/usr/libexec/gcc/x86_64-redhat-linux/12/lto-wrapper -plugin-opt=-fresolution=/tmp/cccOCf0x.res -plugin-opt=-pass-through=-lgcc -plugin-opt=-pass-through=-lgcc_s -plugin-opt=-pass-through=-lc -plugin-opt=-pass-through=-lgcc -plugin-opt=-pass-through=-lgcc_s --build-id --no-add-needed --eh-frame-hdr --hash-style=gnu -m elf_x86_64 -dynamic-linker /lib64/ld-linux-x86-64.so.2 -o cmTC_a7ae3 /usr/lib/gcc/x86_64-redhat-linux/12/../../../../lib64/crt1.o /usr/lib/gcc/x86_64-redhat-linux/12/../../../../lib64/crti.o /usr/lib/gcc/x86_64-redhat-linux/12/crtbegin.o -L/usr/lib/gcc/x86_64-redhat-linux/12 -L/usr/lib/gcc/x86_64-redhat-linux/12/../../../../lib64 -L/lib/../lib64 -L/usr/lib/../lib64 -L/usr/lib/gcc/x86_64-redhat-linux/12/../../.. CMakeFiles/cmTC_a7ae3.dir/CMakeCCompilerABI.c.o -lgcc --push-state --as-needed -lgcc_s --pop-state -lc -lgcc --push-state --as-needed -lgcc_s --pop-state /usr/lib/gcc/x86_64-redhat-linux/12/crtend.o /usr/lib/gcc/x86_64-redhat-linux/12/../../../../lib64/crtn.o
COLLECT_GCC_OPTIONS='-v' '-o' 'cmTC_a7ae3' '-mtune=generic' '-march=x86-64' '-dumpdir' 'cmTC_a7ae3.'
gmake[1]: Leaving directory '/home/devin/Documents/Fornax/build/CMakeFiles/CMakeScratch/TryCompile-iN1oQL'



Parsed C implicit include dir info from above output: rv=done
  found start of include info
  found start of implicit include info
    add: [/usr/lib/gcc/x86_64-redhat-linux/12/include]
    add: [/usr/local/include]
    add: [/usr/include]
  end of search list found
  collapse include dir [/usr/lib/gcc/x86_64-redhat-linux/12/include] ==> [/usr/lib/gcc/x86_64-redhat-linux/12/include]
  collapse include dir [/usr/local/include] ==> [/usr/local/include]
  collapse include dir [/usr/include] ==> [/usr/include]
  implicit include dirs: [/usr/lib/gcc/x86_64-redhat-linux/12/include;/usr/local/include;/usr/include]


Parsed C implicit link information from above output:
  link line regex: [^( *|.*[/\])(ld|CMAKE_LINK_STARTFILE-NOTFOUND|([^/\]+-)?ld|collect2)[^/\]*( |$)]
  ignore line: [Change Dir: /home/devin/Documents/Fornax/build/CMakeFiles/CMakeScratch/TryCompile-iN1oQL]
  ignore line: []
  ignore line: [Run Build Command(s):/usr/bin/gmake -f Makefile cmTC_a7ae3/fast && /usr/bin/gmake  -f CMakeFiles/cmTC_a7ae3.dir/build.make CMakeFiles/cmTC_a7ae3.dir/build]
  ignore line: [gmake[1]: Entering directory '/home/devin/Documents/Fornax/build/CMakeFiles/CMakeScratch/TryCompile-iN1oQL']
  ignore line: [Building C object CMakeFiles/cmTC_a7ae3.dir/CMakeCCompilerABI.c.o]
  ignore line: [/usr/bin/cc   -v -o CMakeFiles/cmTC_a7ae3.dir/CMakeCCompilerABI.c.o -c /usr/share/cmake/Modules/CMakeCCompilerABI.c]
  ignore line: [Using built-in specs.]
  ignore line: [COLLECT_GCC=/usr/bin/cc]
  ignore line: [OFFLOAD_TARGET_NAMES=nvptx-none]
  ignore line: [OFFLOAD_TARGET_DEFAULT=1]
  ignore line: [Target: x86_64-redhat-linux]
  ignore line: [Configured with: ../configure --enable-bootstrap --enable-languages=c c++ fortran objc obj-c++ ada go d lto --prefix=/usr --mandir=/usr/share/man --infodir=/usr/share/info --with-bugurl=http://bugzilla.redhat.com/bugzilla --enable-shared --enable-threads=posix --enable-checking=release --enable-multilib --with-system-zlib --enable-__cxa_atexit --disable-libunwind-exceptions --enable-gnu-unique-object --enable-linker-build-id --with-gcc-major-version-only --enable-libstdcxx-backtrace --with-linker-hash-style=gnu --enable-plugin --enable-initfini-array --with-isl=/builddir/build/BUILD/gcc-12.2.1-20221121/obj-x86_64-redhat-linux/isl-install --enable-offload-targets=nvptx-none --without-cuda-driver --enable-offload-defaulted --enable-gnu-indirect-function --enable-cet --with-tune=generic --with-arch_32=i686 --build=x86_64-redhat-linux --with-build-config=bootstrap-lto --enable-link-serialization=1]
  ignore line: [Thread model: posix]
  ignore line: [Supported LTO compression algorithms: zlib zstd]
  ignore line: [gcc version 12.2.1 20221121 (Red Hat 12.2.1-4) (GCC) ]
  ignore line: [COLLECT_GCC_OPTIONS='-v' '-o' 'CMakeFiles/cmTC_a7ae3.dir/CMakeCCompilerABI.c.o' '-c' '-mtune=generic' '-march=x86-64' '-dumpdir' 'CMakeFiles/cmTC_a7ae3.dir/']
  ignore line: [ /usr/libexec/gcc/x86_64-redhat-linux/12/cc1 -quiet -v /usr/share/cmake/Modules/CMakeCCompilerABI.c -quiet -dumpdir CMakeFiles/cmTC_a7ae3.dir/ -dumpbase CMakeCCompilerABI.c.c -dumpbase-ext .c -mtune=generic -march=x86-64 -version -o /tmp/ccga3pt1.s]
  ignore line: [GNU C17 (GCC) version 12.2.1 20221121 (Red Hat 12.2.1-4) (x86_64-redhat-linux)]
  ignore line: [	compiled by GNU C version 12.2.1 20221121 (Red Hat 12.2.1-4)  GMP version 6.2.1  MPFR version 4.1.0-p13  MPC version 1.2.1  isl version isl-0.24-GMP]
  ignore line: []
  ignore line: [GGC heuristics: --param ggc-min-expand=100 --param ggc-min-heapsize=131072]
  ignore line: [ignoring nonexistent directory "/usr/lib/gcc/x86_64-redhat-linux/12/include-fixed"]
  ignore line: [ignoring nonexistent directory "/usr/lib/gcc/x86_64-redhat-linux/12/../../../../x86_64-redhat-linux/include"]
  ignore line: [#include "..." search starts here:]
  ignore line: [#include <...> search starts here:]
  ignore line: [ /usr/lib/gcc/x86_64-redhat-linux/12/include]
  ignore line: [ /usr/local/include]
  ignore line: [ /usr/include]
  ignore line: [End of search list.]
  ignore line: [GNU C17 (GCC) version 12.2.1 20221121 (Red Hat 12.2.1-4) (x86_64-redhat-linux)]
  ignore line: [	compiled by GNU C version 12.2.1 20221121 (Red Hat 12.2.1-4)  GMP version 6.2.1  MPFR version 4.1.0-p13  MPC version 1.2.1  isl version isl-0.24-GMP]
  ignore line: []
  ignore line: [GGC heuristics: --param ggc-min-expand=100 --param ggc-min-heapsize=131072]
  ignore line: [Compiler executable checksum: e7cfb398591188071efa3be810fe2962]
  ignore line: [COLLECT_GCC_OPTIONS='-v' '-o' 'CMakeFiles/cmTC_a7ae3.dir/CMakeCCompilerABI.c.o' '-c' '-mtune=generic' '-march=x86-64' '-dumpdir' 'CMakeFiles/cmTC_a7ae3.dir/']
  ignore line: [ as -v --64 -o CMakeFiles/cmTC_a7ae3.dir/CMakeCCompilerABI.c.o /tmp/ccga3pt1.s]
  ignore line: [GNU assembler version 2.38 (x86_64-redhat-linux) using BFD version version 2.38-25.fc37]
  ignore line: [COMPILER_PATH=/usr/libexec/gcc/x86_64-redhat-linux/12/:/usr/libexec/gcc/x86_64-redhat-linux/12/:/usr/libexec/gcc/x86_64-redhat-linux/:/usr/lib/gcc/x86_64-redhat-linux/12/:/usr/lib/gcc/x86_64-redhat-linux/]
  ignore line: [LIBRARY_PATH=/usr/lib/gcc/x86_64-redhat-linux/12/:/usr/lib/gcc/x86_64-redhat-linux/12/../../../../lib64/:/lib/../lib64/:/usr/lib/../lib64/:/usr/lib/gcc/x86_64-redhat-linux/12/../../../:/lib/:/usr/lib/]
  ignore line: [COLLECT_GCC_OPTIONS='-v' '-o' 'CMakeFiles/cmTC_a7ae3.dir/CMakeCCompilerABI.c.o' '-c' '-mtune=generic' '-march=x86-64' '-dumpdir' 'CMakeFiles/cmTC_a7ae3.dir/CMakeCCompilerABI.c.']
  ignore line: [Linking C executable cmTC_a7ae3]
  ignore line: [/usr/bin/cmake -E cmake_link_script CMakeFiles/cmTC_a7ae3.dir/link.txt --verbose=1]
  ignore line: [/usr/bin/cc  -v CMakeFiles/cmTC_a7ae3.dir/CMakeCCompilerABI.c.o -o cmTC_a7ae3 ]
  ignore line: [Using built-in specs.]
  ignore line: [COLLECT_GCC=/usr/bin/cc]
  ignore line: [COLLECT_LTO_WRAPPER=/usr/libexec/gcc/x86_64-redhat-linux/12/lto-wrapper]
  ignore line: [OFFLOAD_TARGET_NAMES=nvptx-none]
  ignore line: [OFFLOAD_TARGET_DEFAULT=1]
  ignore line: [Target: x86_64-redhat-linux]
  ignore line: [Configured with: ../configure --enable-bootstrap --enable-languages=c c++ fortran objc obj-c++ ada go d lto --prefix=/usr --mandir=/usr/share/man --infodir=/usr/share/info --with-bugurl=http://bugzilla.redhat.com/bugzilla --enable-shared --enable-threads=posix --enable-checking=release --enable-multilib --with-system-zlib --enable-__cxa_atexit --disable-libunwind-exceptions --enable-gnu-unique-object --enable-linker-build-id --with-gcc-major-version-only --enable-libstdcxx-backtrace --with-linker-hash-style=gnu --enable-plugin --enable-initfini-array --with-isl=/builddir/build/BUILD/gcc-12.2.1-20221121/obj-x86_64-redhat-linux/isl-install --enable-offload-targets=nvptx-none --without-cuda-driver --enable-offload-defaulted --enable-gnu-indirect-function --enable-cet --with-tune=generic --with-arch_32=i686 --build=x86_64-redhat-linux --with-build-config=bootstrap-lto --enable-link-serialization=1]
  ignore line: [Thread model: posix]
  ignore line: [Supported LTO compression algorithms: zlib zstd]
  ignore line: [gcc version 12.2.1 20221121 (Red Hat 12.2.1-4) (GCC) ]
  ignore line: [COMPILER_PATH=/usr/libexec/gcc/x86_64-redhat-linux/12/:/usr/libexec/gcc/x86_64-redhat-linux/12/:/usr/libexec/gcc/x86_64-redhat-linux/:/usr/lib/gcc/x86_64-redhat-linux/12/:/usr/lib/gcc/x86_64-redhat-linux/]
  ignore line: [LIBRARY_PATH=/usr/lib/gcc/x86_64-redhat-linux/12/:/usr/lib/gcc/x86_64-redhat-linux/12/../../../../lib64/:/lib/../lib64/:/usr/lib/../lib64/:/usr/lib/gcc/x86_64-redhat-linux/12/../../../:/lib/:/usr/lib/]
  ignore line: [COLLECT_GCC_OPTIONS='-v' '-o' 'cmTC_a7ae3' '-mtune=generic' '-march=x86-64' '-dumpdir' 'cmTC_a7ae3.']
  link line: [ /usr/libexec/gcc/x86_64-redhat-linux/12/collect2 -plugin /usr/libexec/gcc/x86_64-redhat-linux/12/liblto_plugin.so -plugin-opt=/usr/libexec/gcc/x86_64-redhat-linux/12/lto-wrapper -plugin-opt=-fresolution=/tmp/cccOCf0x.res -plugin-opt=-pass-through=-lgcc -plugin-opt=-pass-through=-lgcc_s -plugin-opt=-pass-through=-lc -plugin-opt=-pass-through=-lgcc -plugin-opt=-pass-through=-lgcc_s --build-id --no-add-needed --eh-frame-hdr --hash-style=gnu -m elf_x86_64 -dynamic-linker /lib64/ld-linux-x86-64.so.2 -o cmTC_a7ae3 /usr/lib/gcc/x86_64-redhat-linux/12/../../../../lib64/crt1.o /usr/lib/gcc/x86_64-redhat-linux/12/../../../../lib64/crti.o /usr/lib/gcc/x86_64-redhat-linux/12/crtbegin.o -L/usr/lib/gcc/x86_64-redhat-linux/12 -L/usr/lib/gcc/x86_64-redhat-linux/12/../../../../lib64 -L/lib/../lib64 -L/usr/lib/../lib64 -L/usr/lib/gcc/x86_64-redhat-linux/12/../../.. CMakeFiles/cmTC_a7ae3.dir/CMakeCCompilerABI.c.o -lgcc --push-state --as-needed -lgcc_s --pop-state -lc -lgcc --push-state --as-needed -lgcc_s --pop-state /usr/lib/gcc/x86_64-redhat-linux/12/crtend.o /usr/lib/gcc/x86_64-redhat-linux/12/../../../../lib64/crtn.o]
    arg [/usr/libexec/gcc/x86_64-redhat-linux/12/collect2] ==> ignore
    arg [-plugin] ==> ignore
    arg [/usr/libexec/gcc/x86_64-redhat-linux/12/liblto_plugin.so] ==> ignore
    arg [-plugin-opt=/usr/libexec/gcc/x86_64-redhat-linux/12/lto-wrapper] ==> ignore
    arg [-plugin-opt=-fresolution=/tmp/cccOCf0x.res] ==> ignore
    arg [-plugin-opt=-pass-through=-lgcc] ==> ignore
    arg [-plugin-opt=-pass-through=-lgcc_s] ==> ignore
    arg [-plugin-opt=-pass-through=-lc] ==> ignore
    arg [-plugin-opt=-pass-through=-lgcc] ==> ignore
    arg [-plugin-opt=-pass-through=-lgcc_s] ==> ignore
    arg [--build-id] ==> ignore
    arg [--no-add-needed] ==> ignore
    arg [--eh-frame-hdr] ==> ignore
    arg [--hash-style=gnu] ==> ignore
    arg [-m] ==> ignore
    arg [elf_x86_64] ==> ignore
    arg [-dynamic-linker] ==> ignore
    arg [/lib64/ld-linux-x86-64.so.2] ==> ignore
    arg [-o] ==> ignore
    arg [cmTC_a7ae3] ==> ignore
    arg [/usr/lib/gcc/x86_64-redhat-linux/12/../../../../lib64/crt1.o] ==> obj [/usr/lib/gcc/x86_64-redhat-linux/12/../../../../lib64/crt1.o]
    arg [/usr/lib/gcc/x86_64-redhat-linux/12/../../../../lib64/crti.o] ==> obj [/usr/lib/gcc/x86_64-redhat-linux/12/../../../../lib64/crti.o]
    arg [/usr/lib/gcc/x86_64-redhat-linux/12/crtbegin.o] ==> obj [/usr/lib/gcc/x86_64-redhat-linux/12/crtbegin.o]
    arg [-L/usr/lib/gcc/x86_64-redhat-linux/12] ==> dir [/usr/lib/gcc/x86_64-redhat-linux/12]
    arg [-L/usr/lib/gcc/x86_64-redhat-linux/12/../../../../lib64] ==> dir [/usr/lib/gcc/x86_64-redhat-linux/12/../../../../lib64]
    arg [-L/lib/../lib64] ==> dir [/lib/../lib64]
    arg [-L/usr/lib/../lib64] ==> dir [/usr/lib/../lib64]
    arg [-L/usr/lib/gcc/x86_64-redhat-linux/12/../../..] ==> dir [/usr/lib/gcc/x86_64-redhat-linux/12/../../..]
    arg [CMakeFiles/cmTC_a7ae3.dir/CMakeCCompilerABI.c.o] ==> ignore
    arg [-lgcc] ==> lib [gcc]
    arg [--push-state] ==> ignore
    arg [--as-needed] ==> ignore
    arg [-lgcc_s] ==> lib [gcc_s]
    arg [--pop-state] ==> ignore
    arg [-lc] ==> lib [c]
    arg [-lgcc] ==> lib [gcc]
    arg [--push-state] ==> ignore
    arg [--as-needed] ==> ignore
    arg [-lgcc_s] ==> lib [gcc_s]
    arg [--pop-state] ==> ignore
    arg [/usr/lib/gcc/x86_64-redhat-linux/12/crtend.o] ==> obj [/usr/lib/gcc/x86_64-redhat-linux/12/crtend.o]
    arg [/usr/lib/gcc/x86_64-redhat-linux/12/../../../../lib64/crtn.o] ==> obj [/usr/lib/gcc/x86_64-redhat-linux/12/../../../../lib64/crtn.o]
  collapse obj [/usr/lib/gcc/x86_64-redhat-linux/12/../../../../lib64/crt1.o] ==> [/usr/lib64/crt1.o]
  collapse obj [/usr/lib/gcc/x86_64-redhat-linux/12/../../../../lib64/crti.o] ==> [/usr/lib64/crti.o]
  collapse obj [/usr/lib/gcc/x86_64-redhat-linux/12/../../../../lib64/crtn.o] ==> [/usr/lib64/crtn.o]
  collapse library dir [/usr/lib/gcc/x86_64-redhat-linux/12] ==> [/usr/lib/gcc/x86_64-redhat-linux/12]
  collapse library dir [/usr/lib/gcc/x86_64-redhat-linux/12/../../../../lib64] ==> [/usr/lib64]
  collapse library dir [/lib/../lib64] ==> [/lib64]
  collapse library dir [/usr/lib/../lib64] ==> [/usr/lib64]
  collapse library dir [/usr/lib/gcc/x86_64-redhat-linux/12/../../..] ==> [/usr/lib]
  implicit libs: [gcc;gcc_s;c;gcc;gcc_s]
  implicit objs: [/usr/lib64/crt1.o;/usr/lib64/crti.o;/usr/lib/gcc/x86_64-redhat-linux/12/crtbegin.o;/usr/lib/gcc/x86_64-redhat-linux/12/crtend.o;/usr/lib64/crtn.o]
  implicit dirs: [/usr/lib/gcc/x86_64-redhat-linux/12;/usr/lib64;/lib64;/usr/lib]
  implicit fwks: []


Detecting CXX compiler ABI info compiled with the following output:
Change Dir: /home/devin/Documents/Fornax/build/CMakeFiles/CMakeScratch/TryCompile-tqg9Re

Run Build Command(s):/usr/bin/gmake -f Makefile cmTC_989b2/fast && /usr/bin/gmake  -f CMakeFiles/cmTC_989b2.dir/build.make CMakeFiles/cmTC_989b2.dir/build
gmake[1]: Entering directory '/home/devin/Documents/Fornax/build/CMakeFiles/CMakeScratch/TryCompile-tqg9Re'
Building CXX object CMakeFiles/cmTC_989b2.dir/CMakeCXXCompilerABI.cpp.o
/usr/bin/c++   -v -o CMakeFiles/cmTC_989b2.dir/CMakeCXXCompilerABI.cpp.o -c /usr/share/cmake/Modules/CMakeCXXCompilerABI.cpp
Using built-in specs.
COLLECT_GCC=/usr/bin/c++
OFFLOAD_TARGET_NAMES=nvptx-none
OFFLOAD_TARGET_DEFAULT=1
Target: x86_64-redhat-linux
Configured with: ../configure --enable-bootstrap --enable-languages=c,c++,fortran,objc,obj-c++,ada,go,d,lto --prefix=/usr --mandir=/usr/share/man --infodir=/usr/share/info --with-bugurl=http://bugzilla.redhat.com/bugzilla --enable-shared --enable-threads=posix --enable-checking=release --enable-multilib --with-system-zlib --enable-__cxa_atexit --disable-libunwind-exceptions --enable-gnu-unique-object --enable-linker-build-id --with-gcc-major-version-only --enable-libstdcxx-backtrace --with-linker-hash-style=gnu --enable-plugin --enable-initfini-array --with-isl=/builddir/build/BUILD/gcc-12.2.1-20221121/obj-x86_64-redhat-linux/isl-install --enable-offload-targets=nvptx-none --without-cuda-driver --enable-offload-defaulted --enable-gnu-indirect-function --enable-cet --with-tune=generic --with-arch_32=i686 --build=x86_64-redhat-linux --with-build-config=bootstrap-lto --enable-link-serialization=1
Thread model: posix
Supported LTO compression algorithms: zlib zstd
gcc version 12.2.1 20221121 (Red Hat 12.2.1-4) (GCC) 
COLLECT_GCC_OPTIONS='-v' '-o' 'CMakeFiles/cmTC_989b2.dir/CMakeCXXCompilerABI.cpp.o' '-c' '-shared-libgcc' '-mtune=generic' '-march=x86-64' '-dumpdir' 'CMakeFiles/cmTC_989b2.dir/'
 /usr/libexec/gcc/x86_64-redhat-linux/12/cc1plus -quiet -v -D_GNU_SOURCE /usr/share/cmake/Modules/CMakeCXXCompilerABI.cpp -quiet -dumpdir CMakeFiles/cmTC_989b2.dir/ -dumpbase CMakeCXXCompilerABI.cpp.cpp -dumpbase-ext .cpp -mtune=generic -march=x86-64 -version -o /tmp/ccdmIRnO.s
GNU C++17 (GCC) version 12.2.1 20221121 (Red Hat 12.2.1-4) (x86_64-redhat-linux)
	compiled by GNU C version 12.2.1 20221121 (Red Hat 12.2.1-4), GMP version 6.2.1, MPFR version 4.1.0-p13, MPC version 1.2.1, isl version isl-0.24-GMP

GGC heuristics: --param ggc-min-expand=100 --param ggc-min-heapsize=131072
ignoring nonexistent directory "/usr/lib/gcc/x86_64-redhat-linux/12/include-fixed"
ignoring nonexistent directory "/usr/lib/gcc/x86_64-redhat-linux/12/../../../../x86_64-redhat-linux/include"
#include "..." search starts here:
#include <...> search starts here:
 /usr/lib/gcc/x86_64-redhat-linux/12/../../../../include/c++/12
 /usr/lib/gcc/x86_64-redhat-linux/12/../../../../include/c++/12/x86_64-redhat-linux
 /usr/lib/gcc/x86_64-redhat-linux/12/../../../../include/c++/12/backward
 /usr/lib/gcc/x86_64-redhat-linux/12/include
 /usr/local/include
 /usr/include
End of search list.
GNU C++17 (GCC) version 12.2.1 20221121 (Red Hat 12.2.1-4) (x86_64-redhat-linux)
	compiled by GNU C version 12.2.1 20221121 (Red Hat 12.2.1-4), GMP version 6.2.1, MPFR version 4.1.0-p13, MPC version 1.2.1, isl version isl-0.24-GMP

GGC heuristics: --param ggc-min-expand=100 --param ggc-min-heapsize=131072
Compiler executable checksum: b80dcb4218100c8bed4b8384479def9a
COLLECT_GCC_OPTIONS='-v' '-o' 'CMakeFiles/cmTC_989b2.dir/CMakeCXXCompilerABI.cpp.o' '-c' '-shared-libgcc' '-mtune=generic' '-march=x86-64' '-dumpdir' 'CMakeFiles/cmTC_989b2.dir/'
 as -v --64 -o CMakeFiles/cmTC_989b2.dir/CMakeCXXCompilerABI.cpp.o /tmp/ccdmIRnO.s
GNU assembler version 2.38 (x86_64-redhat-linux) using BFD version version 2.38-25.fc37
COMPILER_PATH=/usr/libexec/gcc/x86_64-redhat-linux/12/:/usr/libexec/gcc/x86_64-redhat-linux/12/:/usr/libexec/gcc/x86_64-redhat-linux/:/usr/lib/gcc/x86_64-redhat-linux/12/:/usr/lib/gcc/x86_64-redhat-linux/
LIBRARY_PATH=/usr/lib/gcc/x86_64-redhat-linux/12/:/usr/lib/gcc/x86_64-redhat-linux/12/../../../../lib64/:/lib/../lib64/:/usr/lib/../lib64/:/usr/lib/gcc/x86_64-redhat-linux/12/../../../:/lib/:/usr/lib/
COLLECT_GCC_OPTIONS='-v' '-o' 'CMakeFiles/cmTC_989b2.dir/CMakeCXXCompilerABI.cpp.o' '-c' '-shared-libgcc' '-mtune=generic' '-march=x86-64' '-dumpdir' 'CMakeFiles/cmTC_989b2.dir/CMakeCXXCompilerABI.cpp.'
Linking CXX executable cmTC_989b2
/usr/bin/cmake -E cmake_link_script CMakeFiles/cmTC_989b2.dir/link.txt --verbose=1
/usr/bin/c++  -v CMakeFiles/cmTC_989b2.dir/CMakeCXXCompilerABI.cpp.o -o cmTC_989b2 
Using built-in specs.
COLLECT_GCC=/usr/bin/c++
COLLECT_LTO_WRAPPER=/usr/libexec/gcc/x86_64-redhat-linux/12/lto-wrapper
OFFLOAD_TARGET_NAMES=nvptx-none
OFFLOAD_TARGET_DEFAULT=1
Target: x86_64-redhat-linux
Configured with: ../configure --enable-bootstrap --enable-languages=c,c++,fortran,objc,obj-c++,ada,go,d,lto --prefix=/usr --mandir=/usr/share/man --infodir=/usr/share/info --with-bugurl=http://bugzilla.redhat.com/bugzilla --enable-shared --enable-threads=posix --enable-checking=release --enable-multilib --with-system-zlib --enable-__cxa_atexit --disable-libunwind-exceptions --enable-gnu-unique-object --enable-linker-build-id --with-gcc-major-version-only --enable-libstdcxx-backtrace --with-linker-hash-style=gnu --enable-plugin --enable-initfini-array --with-isl=/builddir/build/BUILD/gcc-12.2.1-20221121/obj-x86_64-redhat-linux/isl-install --enable-offload-targets=nvptx-none --without-cuda-driver --enable-offload-defaulted --enable-gnu-indirect-function --enable-cet --with-tune=generic --with-arch_32=i686 --build=x86_64-redhat-linux --with-build-config=bootstrap-lto --enable-link-serialization=1
Thread model: posix
Supported LTO compression algorithms: zlib zstd
gcc version 12.2.1 20221121 (Red Hat 12.2.1-4) (GCC) 
COMPILER_PATH=/usr/libexec/gcc/x86_64-redhat-linux/12/:/usr/libexec/gcc/x86_64-redhat-linux/12/:/usr/libexec/gcc/x86_64-redhat-linux/:/usr/lib/gcc/x86_64-redhat-linux/12/:/usr/lib/gcc/x86_64-redhat-linux/
LIBRARY_PATH=/usr/lib/gcc/x86_64-redhat-linux/12/:/usr/lib/gcc/x86_64-redhat-linux/12/../../../../lib64/:/lib/../lib64/:/usr/lib/../lib64/:/usr/lib/gcc/x86_64-redhat-linux/12/../../../:/lib/:/usr/lib/
COLLECT_GCC_OPTIONS='-v' '-o' 'cmTC_989b2' '-shared-libgcc' '-mtune=generic' '-march=x86-64' '-dumpdir' 'cmTC_989b2.'
 /usr/libexec/gcc/x86_64-redhat-linux/12/collect2 -plugin /usr/libexec/gcc/x86_64-redhat-linux/12/liblto_plugin.so -plugin-opt=/usr/libexec/gcc/x86_64-redhat-linux/12/lto-wrapper -plugin-opt=-fresolution=/tmp/ccuuHbJC.res -plugin-opt=-pass-through=-lgcc_s -plugin-opt=-pass-through=-lgcc -plugin-opt=-pass-through=-lc -plugin-opt=-pass-through=-lgcc_s -plugin-opt=-pass-through=-lgcc --build-id --no-add-needed --eh-frame-hdr --hash-style=gnu -m elf_x86_64 -dynamic-linker /lib64/ld-linux-x86-64.so.2 -o cmTC_989b2 /usr/lib/gcc/x86_64-redhat-linux/12/../../../../lib64/crt1.o /usr/lib/gcc/x86_64-redhat-linux/12/../../../../lib64/crti.o /usr/lib/gcc/x86_64-redhat-linux/12/crtbegin.o -L/usr/lib/gcc/x86_64-redhat-linux/12 -L/usr/lib/gcc/x86_64-redhat-linux/12/../../../../lib64 -L/lib/../lib64 -L/usr/lib/../lib64 -L/usr/lib/gcc/x86_64-redhat-linux/12/../../.. CMakeFiles/cmTC_989b2.dir/CMakeCXXCompilerABI.cpp.o -lstdc++ -lm -lgcc_s -lgcc -lc -lgcc_s -lgcc /usr/lib/gcc/x86_64-redhat-linux/12/crtend.o /usr/lib/gcc/x86_64-redhat-linux/12/../../../../lib64/crtn.o
COLLECT_GCC_OPTIONS='-v' '-o' 'cmTC_989b2' '-shared-libgcc' '-mtune=generic' '-march=x86-64' '-dumpdir' 'cmTC_989b2.'
gmake[1]: Leaving directory '/home/devin/Documents/Fornax/build/CMakeFiles/CMakeScratch/TryCompile-tqg9Re'



Parsed CXX implicit include dir info from above output: rv=done
  found start of include info
  found start of implicit include info
    add: [/usr/lib/gcc/x86_64-redhat-linux/12/../../../../include/c++/12]
    add: [/usr/lib/gcc/x86_64-redhat-linux/12/../../../../include/c++/12/x86_64-redhat-linux]
    add: [/usr/lib/gcc/x86_64-redhat-linux/12/../../../../include/c++/12/backward]
    add: [/usr/lib/gcc/x86_64-redhat-linux/12/include]
    add: [/usr/local/include]
    add: [/usr/include]
  end of search list found
  collapse include dir [/usr/lib/gcc/x86_64-redhat-linux/12/../../../../include/c++/12] ==> [/usr/include/c++/12]
  collapse include dir [/usr/lib/gcc/x86_64-redhat-linux/12/../../../../include/c++/12/x86_64-redhat-linux] ==> [/usr/include/c++/12/x86_64-redhat-linux]
  collapse include dir [/usr/lib/gcc/x86_64-redhat-linux/12/../../../../include/c++/12/backward] ==> [/usr/include/c++/12/backward]
  collapse include dir [/usr/lib/gcc/x86_64-redhat-linux/12/include] ==> [/usr/lib/gcc/x86_64-redhat-linux/12/include]
  collapse include dir [/usr/local/include] ==> [/usr/local/include]
  collapse include dir [/usr/include] ==> [/usr/include]
  implicit include dirs: [/usr/include/c++/12;/usr/include/c++/12/x86_64-redhat-linux;/usr/include/c++/12/backward;/usr/lib/gcc/x86_64-redhat-linux/12/include;/usr/local/include;/usr/include]


Parsed CXX implicit link information from above output:
  link line regex: [^( *|.*[/\])(ld|CMAKE_LINK_STARTFILE-NOTFOUND|([^/\]+-)?ld|collect2)[^/\]*( |$)]
  ignore line: [Change Dir: /home/devin/Documents/Fornax/build/CMakeFiles/CMakeScratch/TryCompile-tqg9Re]
  ignore line: []
  ignore line: [Run Build Command(s):/usr/bin/gmake -f Makefile cmTC_989b2/fast && /usr/bin/gmake  -f CMakeFiles/cmTC_989b2.dir/build.make CMakeFiles/cmTC_989b2.dir/build]
  ignore line: [gmake[1]: Entering directory '/home/devin/Documents/Fornax/build/CMakeFiles/CMakeScratch/TryCompile-tqg9Re']
  ignore line: [Building CXX object CMakeFiles/cmTC_989b2.dir/CMakeCXXCompilerABI.cpp.o]
  ignore line: [/usr/bin/c++   -v -o CMakeFiles/cmTC_989b2.dir/CMakeCXXCompilerABI.cpp.o -c /usr/share/cmake/Modules/CMakeCXXCompilerABI.cpp]
  ignore line: [Using built-in specs.]
  ignore line: [COLLECT_GCC=/usr/bin/c++]
  ignore line: [OFFLOAD_TARGET_NAMES=nvptx-none]
  ignore line: [OFFLOAD_TARGET_DEFAULT=1]
  ignore line: [Target: x86_64-redhat-linux]
  ignore line: [Configured with: ../configure --enable-bootstrap --enable-languages=c c++ fortran objc obj-c++ ada go d lto --prefix=/usr --mandir=/usr/share/man --infodir=/usr/share/info --with-bugurl=http://bugzilla.redhat.com/bugzilla --enable-shared --enable-threads=posix --enable-checking=release --enable-multilib --with-system-zlib --enable-__cxa_atexit --disable-libunwind-exceptions --enable-gnu-unique-object --enable-linker-build-id --with-gcc-major-version-only --enable-libstdcxx-backtrace --with-linker-hash-style=gnu --enable-plugin --enable-initfini-array --with-isl=/builddir/build/BUILD/gcc-12.2.1-20221121/obj-x86_64-redhat-linux/isl-install --enable-offload-targets=nvptx-none --without-cuda-driver --enable-offload-defaulted --enable-gnu-indirect-function --enable-cet --with-tune=generic --with-arch_32=i686 --build=x86_64-redhat-linux --with-build-config=bootstrap-lto --enable-link-serialization=1]
  ignore line: [Thread model: posix]
  ignore line: [Supported LTO compression algorithms: zlib zstd]
  ignore line: [gcc version 12.2.1 20221121 (Red Hat 12.2.1-4) (GCC) ]
  ignore line: [COLLECT_GCC_OPTIONS='-v' '-o' 'CMakeFiles/cmTC_989b2.dir/CMakeCXXCompilerABI.cpp.o' '-c' '-shared-libgcc' '-mtune=generic' '-march=x86-64' '-dumpdir' 'CMakeFiles/cmTC_989b2.dir/']
  ignore line: [ /usr/libexec/gcc/x86_64-redhat-linux/12/cc1plus -quiet -v -D_GNU_SOURCE /usr/share/cmake/Modules/CMakeCXXCompilerABI.cpp -quiet -dumpdir CMakeFiles/cmTC_989b2.dir/ -dumpbase CMakeCXXCompilerABI.cpp.cpp -dumpbase-ext .cpp -mtune=generic -march=x86-64 -version -o /tmp/ccdmIRnO.s]
  ignore line: [GNU C++17 (GCC) version 12.2.1 20221121 (Red Hat 12.2.1-4) (x86_64-redhat-linux)]
  ignore line: [	compiled by GNU C version 12.2.1 20221121 (Red Hat 12.2.1-4)  GMP version 6.2.1  MPFR version 4.1.0-p13  MPC version 1.2.1  isl version isl-0.24-GMP]
  ignore line: []
  ignore line: [GGC heuristics: --param ggc-min-expand=100 --param ggc-min-heapsize=131072]
  ignore line: [ignoring nonexistent directory "/usr/lib/gcc/x86_64-redhat-linux/12/include-fixed"]
  ignore line: [ignoring nonexistent directory "/usr/lib/gcc/x86_64-redhat-linux/12/../../../../x86_64-redhat-linux/include"]
  ignore line: [#include "..." search starts here:]
  ignore line: [#include <...> search starts here:]
  ignore line: [ /usr/lib/gcc/x86_64-redhat-linux/12/../../../../include/c++/12]
  ignore line: [ /usr/lib/gcc/x86_64-redhat-linux/12/../../../../include/c++/12/x86_64-redhat-linux]
  ignore line: [ /usr/lib/gcc/x86_64-redhat-linux/12/../../../../include/c++/12/backward]
  ignore line: [ /usr/lib/gcc/x86_64-redhat-linux/12/include]
  ignore line: [ /usr/local/include]
  ignore line: [ /usr/include]
  ignore line: [End of search list.]
  ignore line: [GNU C++17 (GCC) version 12.2.1 20221121 (Red Hat 12.2.1-4) (x86_64-redhat-linux)]
  ignore line: [	compiled by GNU C version 12.2.1 20221121 (Red Hat 12.2.1-4)  GMP version 6.2.1  MPFR version 4.1.0-p13  MPC version 1.2.1  isl version isl-0.24-GMP]
  ignore line: []
  ignore line: [GGC heuristics: --param ggc-min-expand=100 --param ggc-min-heapsize=131072]
  ignore line: [Compiler executable checksum: b80dcb4218100c8bed4b8384479def9a]
  ignore line: [COLLECT_GCC_OPTIONS='-v' '-o' 'CMakeFiles/cmTC_989b2.dir/CMakeCXXCompilerABI.cpp.o' '-c' '-shared-libgcc' '-mtune=generic' '-march=x86-64' '-dumpdir' 'CMakeFiles/cmTC_989b2.dir/']
  ignore line: [ as -v --64 -o CMakeFiles/cmTC_989b2.dir/CMakeCXXCompilerABI.cpp.o /tmp/ccdmIRnO.s]
  ignore line: [GNU assembler version 2.38 (x86_64-redhat-linux) using BFD version version 2.38-25.fc37]
  ignore line: [COMPILER_PATH=/usr/libexec/gcc/x86_64-redhat-linux/12/:/usr/libexec/gcc/x86_64-redhat-linux/12/:/usr/libexec/gcc/x86_64-redhat-linux/:/usr/lib/gcc/x86_64-redhat-linux/12/:/usr/lib/gcc/x86_64-redhat-linux/]
  ignore line: [LIBRARY_PATH=/usr/lib/gcc/x86_64-redhat-linux/12/:/usr/lib/gcc/x86_64-redhat-linux/12/../../../../lib64/:/lib/../lib64/:/usr/lib/../lib64/:/usr/lib/gcc/x86_64-redhat-linux/12/../../../:/lib/:/usr/lib/]
  ignore line: [COLLECT_GCC_OPTIONS='-v' '-o' 'CMakeFiles/cmTC_989b2.dir/CMakeCXXCompilerABI.cpp.o' '-c' '-shared-libgcc' '-mtune=generic' '-march=x86-64' '-dumpdir' 'CMakeFiles/cmTC_989b2.dir/CMakeCXXCompilerABI.cpp.']
  ignore line: [Linking CXX executable cmTC_989b2]
  ignore line: [/usr/bin/cmake -E cmake_link_script CMakeFiles/cmTC_989b2.dir/link.txt --verbose=1]
  ignore line: [/usr/bin/c++  -v CMakeFiles/cmTC_989b2.dir/CMakeCXXCompilerABI.cpp.o -o cmTC_989b2 ]
  ignore line: [Using built-in specs.]
  ignore line: [COLLECT_GCC=/usr/bin/c++]
  ignore line: [COLLECT_LTO_WRAPPER=/usr/libexec/gcc/x86_64-redhat-linux/12/lto-wrapper]
  ignore line: [OFFLOAD_TARGET_NAMES=nvptx-none]
  ignore line: [OFFLOAD_TARGET_DEFAULT=1]
  ignore line: [Target: x86_64-redhat-linux]
  ignore line: [Configured with: ../configure --enable-bootstrap --enable-languages=c c++ fortran objc obj-c++ ada go d lto --prefix=/usr --mandir=/usr/share/man --infodir=/usr/share/info --with-bugurl=http://bugzilla.redhat.com/bugzilla --enable-shared --enable-threads=posix --enable-checking=release --enable-multilib --with-system-zlib --enable-__cxa_atexit --disable-libunwind-exceptions --enable-gnu-unique-object --enable-linker-build-id --with-gcc-major-version-only --enable-libstdcxx-backtrace --with-linker-hash-style=gnu --enable-plugin --enable-initfini-array --with-isl=/builddir/build/BUILD/gcc-12.2.1-20221121/obj-x86_64-redhat-linux/isl-install --enable-offload-targets=nvptx-none --without-cuda-driver --enable-offload-defaulted --enable-gnu-indirect-function --enable-cet --with-tune=generic --with-arch_32=i686 --build=x86_64-redhat-linux --with-build-config=bootstrap-lto --enable-link-serialization=1]
  ignore line: [Thread model: posix]
  ignore line: [Supported LTO compression algorithms: zlib zstd]
  ignore line: [gcc version 12.2.1 20221121 (Red Hat 12.2.1-4) (GCC) ]
  ignore line: [COMPILER_PATH=/usr/libexec/gcc/x86_64-redhat-linux/12/:/usr/libexec/gcc/x86_64-redhat-linux/12/:/usr/libexec/gcc/x86_64-redhat-linux/:/usr/lib/gcc/x86_64-redhat-linux/12/:/usr/lib/gcc/x86_64-redhat-linux/]
  ignore line: [LIBRARY_PATH=/usr/lib/gcc/x86_64-redhat-linux/12/:/usr/lib/gcc/x86_64-redhat-linux/12/../../../../lib64/:/lib/../lib64/:/usr/lib/../lib64/:/usr/lib/gcc/x86_64-redhat-linux/12/../../../:/lib/:/usr/lib/]
  ignore line: [COLLECT_GCC_OPTIONS='-v' '-o' 'cmTC_989b2' '-shared-libgcc' '-mtune=generic' '-march=x86-64' '-dumpdir' 'cmTC_989b2.']
  link line: [ /usr/libexec/gcc/x86_64-redhat-linux/12/collect2 -plugin /usr/libexec/gcc/x86_64-redhat-linux/12/liblto_plugin.so -plugin-opt=/usr/libexec/gcc/x86_64-redhat-linux/12/lto-wrapper -plugin-opt=-fresolution=/tmp/ccuuHbJC.res -plugin-opt=-pass-through=-lgcc_s -plugin-opt=-pass-through=-lgcc -plugin-opt=-pass-through=-lc -plugin-opt=-pass-through=-lgcc_s -plugin-opt=-pass-through=-lgcc --build-id --no-add-needed --eh-frame-hdr --hash-style=gnu -m elf_x86_64 -dynamic-linker /lib64/ld-linux-x86-64.so.2 -o cmTC_989b2 /usr/lib/gcc/x86_64-redhat-linux/12/../../../../lib64/crt1.o /usr/lib/gcc/x86_64-redhat-linux/12/../../../../lib64/crti.o /usr/lib/gcc/x86_64-redhat-linux/12/crtbegin.o -L/usr/lib/gcc/x86_64-redhat-linux/12 -L/usr/lib/gcc/x86_64-redhat-linux/12/../../../../lib64 -L/lib/../lib64 -L/usr/lib/../lib64 -L/usr/lib/gcc/x86_64-redhat-linux/12/../../.. CMakeFiles/cmTC_989b2.dir/CMakeCXXCompilerABI.cpp.o -lstdc++ -lm -lgcc_s -lgcc -lc -lgcc_s -lgcc /usr/lib/gcc/x86_64-redhat-linux/12/crtend.o /usr/lib/gcc/x86_64-redhat-linux/12/../../../../lib64/crtn.o]
    arg [/usr/libexec/gcc/x86_64-redhat-linux/12/collect2] ==> ignore
    arg [-plugin] ==> ignore
    arg [/usr/libexec/gcc/x86_64-redhat-linux/12/liblto_plugin.so] ==> ignore
    arg [-plugin-opt=/usr/libexec/gcc/x86_64-redhat-linux/12/lto-wrapper] ==> ignore
    arg [-plugin-opt=-fresolution=/tmp/ccuuHbJC.res] ==> ignore
    arg [-plugin-opt=-pass-through=-lgcc_s] ==> ignore
    arg [-plugin-opt=-pass-through=-lgcc] ==> ignore
    arg [-plugin-opt=-pass-through=-lc] ==> ignore
    arg [-plugin-opt=-pass-through=-lgcc_s] ==> ignore
    arg [-plugin-opt=-pass-through=-lgcc] ==> ignore
    arg [--build-id] ==> ignore
    arg [--no-add-needed] ==> ignore
    arg [--eh-frame-hdr] ==> ignore
    arg [--hash-style=gnu] ==> ignore
    arg [-m] ==> ignore
    arg [elf_x86_64] ==> ignore
    arg [-dynamic-linker] ==> ignore
    arg [/lib64/ld-linux-x86-64.so.2] ==> ignore
    arg [-o] ==> ignore
    arg [cmTC_989b2] ==> ignore
    arg [/usr/lib/gcc/x86_64-redhat-linux/12/../../../../lib64/crt1.o] ==> obj [/usr/lib/gcc/x86_64-redhat-linux/12/../../../../lib64/crt1.o]
    arg [/usr/lib/gcc/x86_64-redhat-linux/12/../../../../lib64/crti.o] ==> obj [/usr/lib/gcc/x86_64-redhat-linux/12/../../../../lib64/crti.o]
    arg [/usr/lib/gcc/x86_64-redhat-linux/12/crtbegin.o] ==> obj [/usr/lib/gcc/x86_64-redhat-linux/12/crtbegin.o]
    arg [-L/usr/lib/gcc/x86_64-redhat-linux/12] ==> dir [/usr/lib/gcc/x86_64-redhat-linux/12]
    arg [-L/usr/lib/gcc/x86_64-redhat-linux/12/../../../../lib64] ==> dir [/usr/lib/gcc/x86_64-redhat-linux/12/../../../../lib64]
    arg [-L/lib/../lib64] ==> dir [/lib/../lib64]
    arg [-L/usr/lib/../lib64] ==> dir [/usr/lib/../lib64]
    arg [-L/usr/lib/gcc/x86_64-redhat-linux/12/../../..] ==> dir [/usr/lib/gcc/x86_64-redhat-linux/12/../../..]
    arg [CMakeFiles/cmTC_989b2.dir/CMakeCXXCompilerABI.cpp.o] ==> ignore
    arg [-lstdc++] ==> lib [stdc++]
    arg [-lm] ==> lib [m]
    arg [-lgcc_s] ==> lib [gcc_s]
    arg [-lgcc] ==> lib [gcc]
    arg [-lc] ==> lib [c]
    arg [-lgcc_s] ==> lib [gcc_s]
    arg [-lgcc] ==> lib [gcc]
    arg [/usr/lib/gcc/x86_64-redhat-linux/12/crtend.o] ==> obj [/usr/lib/gcc/x86_64-redhat-linux/12/crtend.o]
    arg [/usr/lib/gcc/x86_64-redhat-linux/12/../../../../lib64/crtn.o] ==> obj [/usr/lib/gcc/x86_64-redhat-linux/12/../../../../lib64/crtn.o]
  collapse obj [/usr/lib/gcc/x86_64-redhat-linux/12/../../../../lib64/crt1.o] ==> [/usr/lib64/crt1.o]
  collapse obj [/usr/lib/gcc/x86_64-redhat-linux/12/../../../../lib64/crti.o] ==> [/usr/lib64/crti.o]
  collapse obj [/usr/lib/gcc/x86_64-redhat-linux/12/../../../../lib64/crtn.o] ==> [/usr/lib64/crtn.o]
  collapse library dir [/usr/lib/gcc/x86_64-redhat-linux/12] ==> [/usr/lib/gcc/x86_64-redhat-linux/12]
  collapse library dir [/usr/lib/gcc/x86_64-redhat-linux/12/../../../../lib64] ==> [/usr/lib64]
  collapse library dir [/lib/../lib64] ==> [/lib64]
  collapse library dir [/usr/lib/../lib64] ==> [/usr/lib64]
  collapse library dir [/usr/lib/gcc/x86_64-redhat-linux/12/../../..] ==> [/usr/lib]
  implicit libs: [stdc++;m;gcc_s;gcc;c;gcc_s;gcc]
  implicit objs: [/usr/lib64/crt1.o;/usr/lib64/crti.o;/usr/lib/gcc/x86_64-redhat-linux/12/crtbegin.o;/usr/lib/gcc/x86_64-redhat-linux/12/crtend.o;/usr/lib64/crtn.o]
  implicit dirs: [/usr/lib/gcc/x86_64-redhat-linux/12;/usr/lib64;/lib64;/usr/lib]
  implicit fwks: []


The system is: Linux - 6.0.12-602.inttf.fc37.x86_64 - x86_64
Compiling the C compiler identification source file "CMakeCCompilerId.c" succeeded.
Compiler: /usr/bin/cc 
Build flags: 
Id flags:  

The output was:
0


Compilation of the C compiler identification source "CMakeCCompilerId.c" produced "a.out"

The C compiler identification is GNU, found in "/home/devin/Documents/Fornax/build/CMakeFiles/3.25.1/CompilerIdC/a.out"

Compiling the CXX compiler identification source file "CMakeCXXCompilerId.cpp" succeeded.
Compiler: /usr/bin/c++ 
Build flags: 
Id flags:  

The output was:
0


Compilation of the CXX compiler identification source "CMakeCXXCompilerId.cpp" produced "a.out"

The CXX compiler identification is GNU, found in "/home/devin/Documents/Fornax/build/CMakeFiles/3.25.1/CompilerIdCXX/a.out"

Detecting C compiler ABI info compiled with the following output:
Change Dir: /home/devin/Documents/Fornax/build/CMakeFiles/CMakeScratch/TryCompile-mTVcoK

Run Build Command(s):/usr/bin/gmake -f Makefile cmTC_57484/fast && /usr/bin/gmake  -f CMakeFiles/cmTC_57484.dir/build.make CMakeFiles/cmTC_57484.dir/build
gmake[1]: Entering directory '/home/devin/Documents/Fornax/build/CMakeFiles/CMakeScratch/TryCompile-mTVcoK'
Building C object CMakeFiles/cmTC_57484.dir/CMakeCCompilerABI.c.o
/usr/bin/cc   -v -o CMakeFiles/cmTC_57484.dir/CMakeCCompilerABI.c.o -c /usr/share/cmake/Modules/CMakeCCompilerABI.c
Using built-in specs.
COLLECT_GCC=/usr/bin/cc
OFFLOAD_TARGET_NAMES=nvptx-none
OFFLOAD_TARGET_DEFAULT=1
Target: x86_64-redhat-linux
Configured with: ../configure --enable-bootstrap --enable-languages=c,c++,fortran,objc,obj-c++,ada,go,d,lto --prefix=/usr --mandir=/usr/share/man --infodir=/usr/share/info --with-bugurl=http://bugzilla.redhat.com/bugzilla --enable-shared --enable-threads=posix --enable-checking=release --enable-multilib --with-system-zlib --enable-__cxa_atexit --disable-libunwind-exceptions --enable-gnu-unique-object --enable-linker-build-id --with-gcc-major-version-only --enable-libstdcxx-backtrace --with-linker-hash-style=gnu --enable-plugin --enable-initfini-array --with-isl=/builddir/build/BUILD/gcc-12.2.1-20221121/obj-x86_64-redhat-linux/isl-install --enable-offload-targets=nvptx-none --without-cuda-driver --enable-offload-defaulted --enable-gnu-indirect-function --enable-cet --with-tune=generic --with-arch_32=i686 --build=x86_64-redhat-linux --with-build-config=bootstrap-lto --enable-link-serialization=1
Thread model: posix
Supported LTO compression algorithms: zlib zstd
gcc version 12.2.1 20221121 (Red Hat 12.2.1-4) (GCC) 
COLLECT_GCC_OPTIONS='-v' '-o' 'CMakeFiles/cmTC_57484.dir/CMakeCCompilerABI.c.o' '-c' '-mtune=generic' '-march=x86-64' '-dumpdir' 'CMakeFiles/cmTC_57484.dir/'
 /usr/libexec/gcc/x86_64-redhat-linux/12/cc1 -quiet -v /usr/share/cmake/Modules/CMakeCCompilerABI.c -quiet -dumpdir CMakeFiles/cmTC_57484.dir/ -dumpbase CMakeCCompilerABI.c.c -dumpbase-ext .c -mtune=generic -march=x86-64 -version -o /tmp/cckNtZaA.s
GNU C17 (GCC) version 12.2.1 20221121 (Red Hat 12.2.1-4) (x86_64-redhat-linux)
	compiled by GNU C version 12.2.1 20221121 (Red Hat 12.2.1-4), GMP version 6.2.1, MPFR version 4.1.0-p13, MPC version 1.2.1, isl version isl-0.24-GMP

GGC heuristics: --param ggc-min-expand=100 --param ggc-min-heapsize=131072
ignoring nonexistent directory "/usr/lib/gcc/x86_64-redhat-linux/12/include-fixed"
ignoring nonexistent directory "/usr/lib/gcc/x86_64-redhat-linux/12/../../../../x86_64-redhat-linux/include"
#include "..." search starts here:
#include <...> search starts here:
 /usr/lib/gcc/x86_64-redhat-linux/12/include
 /usr/local/include
 /usr/include
End of search list.
GNU C17 (GCC) version 12.2.1 20221121 (Red Hat 12.2.1-4) (x86_64-redhat-linux)
	compiled by GNU C version 12.2.1 20221121 (Red Hat 12.2.1-4), GMP version 6.2.1, MPFR version 4.1.0-p13, MPC version 1.2.1, isl version isl-0.24-GMP

GGC heuristics: --param ggc-min-expand=100 --param ggc-min-heapsize=131072
Compiler executable checksum: e7cfb398591188071efa3be810fe2962
COLLECT_GCC_OPTIONS='-v' '-o' 'CMakeFiles/cmTC_57484.dir/CMakeCCompilerABI.c.o' '-c' '-mtune=generic' '-march=x86-64' '-dumpdir' 'CMakeFiles/cmTC_57484.dir/'
 as -v --64 -o CMakeFiles/cmTC_57484.dir/CMakeCCompilerABI.c.o /tmp/cckNtZaA.s
GNU assembler version 2.38 (x86_64-redhat-linux) using BFD version version 2.38-25.fc37
COMPILER_PATH=/usr/libexec/gcc/x86_64-redhat-linux/12/:/usr/libexec/gcc/x86_64-redhat-linux/12/:/usr/libexec/gcc/x86_64-redhat-linux/:/usr/lib/gcc/x86_64-redhat-linux/12/:/usr/lib/gcc/x86_64-redhat-linux/
LIBRARY_PATH=/usr/lib/gcc/x86_64-redhat-linux/12/:/usr/lib/gcc/x86_64-redhat-linux/12/../../../../lib64/:/lib/../lib64/:/usr/lib/../lib64/:/usr/lib/gcc/x86_64-redhat-linux/12/../../../:/lib/:/usr/lib/
COLLECT_GCC_OPTIONS='-v' '-o' 'CMakeFiles/cmTC_57484.dir/CMakeCCompilerABI.c.o' '-c' '-mtune=generic' '-march=x86-64' '-dumpdir' 'CMakeFiles/cmTC_57484.dir/CMakeCCompilerABI.c.'
Linking C executable cmTC_57484
/usr/bin/cmake -E cmake_link_script CMakeFiles/cmTC_57484.dir/link.txt --verbose=1
/usr/bin/cc  -v CMakeFiles/cmTC_57484.dir/CMakeCCompilerABI.c.o -o cmTC_57484 
Using built-in specs.
COLLECT_GCC=/usr/bin/cc
COLLECT_LTO_WRAPPER=/usr/libexec/gcc/x86_64-redhat-linux/12/lto-wrapper
OFFLOAD_TARGET_NAMES=nvptx-none
OFFLOAD_TARGET_DEFAULT=1
Target: x86_64-redhat-linux
Configured with: ../configure --enable-bootstrap --enable-languages=c,c++,fortran,objc,obj-c++,ada,go,d,lto --prefix=/usr --mandir=/usr/share/man --infodir=/usr/share/info --with-bugurl=http://bugzilla.redhat.com/bugzilla --enable-shared --enable-threads=posix --enable-checking=release --enable-multilib --with-system-zlib --enable-__cxa_atexit --disable-libunwind-exceptions --enable-gnu-unique-object --enable-linker-build-id --with-gcc-major-version-only --enable-libstdcxx-backtrace --with-linker-hash-style=gnu --enable-plugin --enable-initfini-array --with-isl=/builddir/build/BUILD/gcc-12.2.1-20221121/obj-x86_64-redhat-linux/isl-install --enable-offload-targets=nvptx-none --without-cuda-driver --enable-offload-defaulted --enable-gnu-indirect-function --enable-cet --with-tune=generic --with-arch_32=i686 --build=x86_64-redhat-linux --with-build-config=bootstrap-lto --enable-link-serialization=1
Thread model: posix
Supported LTO compression algorithms: zlib zstd
gcc version 12.2.1 20221121 (Red Hat 12.2.1-4) (GCC) 
COMPILER_PATH=/usr/libexec/gcc/x86_64-redhat-linux/12/:/usr/libexec/gcc/x86_64-redhat-linux/12/:/usr/libexec/gcc/x86_64-redhat-linux/:/usr/lib/gcc/x86_64-redhat-linux/12/:/usr/lib/gcc/x86_64-redhat-linux/
LIBRARY_PATH=/usr/lib/gcc/x86_64-redhat-linux/12/:/usr/lib/gcc/x86_64-redhat-linux/12/../../../../lib64/:/lib/../lib64/:/usr/lib/../lib64/:/usr/lib/gcc/x86_64-redhat-linux/12/../../../:/lib/:/usr/lib/
COLLECT_GCC_OPTIONS='-v' '-o' 'cmTC_57484' '-mtune=generic' '-march=x86-64' '-dumpdir' 'cmTC_57484.'
 /usr/libexec/gcc/x86_64-redhat-linux/12/collect2 -plugin /usr/libexec/gcc/x86_64-redhat-linux/12/liblto_plugin.so -plugin-opt=/usr/libexec/gcc/x86_64-redhat-linux/12/lto-wrapper -plugin-opt=-fresolution=/tmp/ccPvq5VD.res -plugin-opt=-pass-through=-lgcc -plugin-opt=-pass-through=-lgcc_s -plugin-opt=-pass-through=-lc -plugin-opt=-pass-through=-lgcc -plugin-opt=-pass-through=-lgcc_s --build-id --no-add-needed --eh-frame-hdr --hash-style=gnu -m elf_x86_64 -dynamic-linker /lib64/ld-linux-x86-64.so.2 -o cmTC_57484 /usr/lib/gcc/x86_64-redhat-linux/12/../../../../lib64/crt1.o /usr/lib/gcc/x86_64-redhat-linux/12/../../../../lib64/crti.o /usr/lib/gcc/x86_64-redhat-linux/12/crtbegin.o -L/usr/lib/gcc/x86_64-redhat-linux/12 -L/usr/lib/gcc/x86_64-redhat-linux/12/../../../../lib64 -L/lib/../lib64 -L/usr/lib/../lib64 -L/usr/lib/gcc/x86_64-redhat-linux/12/../../.. CMakeFiles/cmTC_57484.dir/CMakeCCompilerABI.c.o -lgcc --push-state --as-needed -lgcc_s --pop-state -lc -lgcc --push-state --as-needed -lgcc_s --pop-state /usr/lib/gcc/x86_64-redhat-linux/12/crtend.o /usr/lib/gcc/x86_64-redhat-linux/12/../../../../lib64/crtn.o
COLLECT_GCC_OPTIONS='-v' '-o' 'cmTC_57484' '-mtune=generic' '-march=x86-64' '-dumpdir' 'cmTC_57484.'
gmake[1]: Leaving directory '/home/devin/Documents/Fornax/build/CMakeFiles/CMakeScratch/TryCompile-mTVcoK'



Parsed C implicit include dir info from above output: rv=done
  found start of include info
  found start of implicit include info
    add: [/usr/lib/gcc/x86_64-redhat-linux/12/include]
    add: [/usr/local/include]
    add: [/usr/include]
  end of search list found
  collapse include dir [/usr/lib/gcc/x86_64-redhat-linux/12/include] ==> [/usr/lib/gcc/x86_64-redhat-linux/12/include]
  collapse include dir [/usr/local/include] ==> [/usr/local/include]
  collapse include dir [/usr/include] ==> [/usr/include]
  implicit include dirs: [/usr/lib/gcc/x86_64-redhat-linux/12/include;/usr/local/include;/usr/include]


Parsed C implicit link information from above output:
  link line regex: [^( *|.*[/\])(ld|CMAKE_LINK_STARTFILE-NOTFOUND|([^/\]+-)?ld|collect2)[^/\]*( |$)]
  ignore line: [Change Dir: /home/devin/Documents/Fornax/build/CMakeFiles/CMakeScratch/TryCompile-mTVcoK]
  ignore line: []
  ignore line: [Run Build Command(s):/usr/bin/gmake -f Makefile cmTC_57484/fast && /usr/bin/gmake  -f CMakeFiles/cmTC_57484.dir/build.make CMakeFiles/cmTC_57484.dir/build]
  ignore line: [gmake[1]: Entering directory '/home/devin/Documents/Fornax/build/CMakeFiles/CMakeScratch/TryCompile-mTVcoK']
  ignore line: [Building C object CMakeFiles/cmTC_57484.dir/CMakeCCompilerABI.c.o]
  ignore line: [/usr/bin/cc   -v -o CMakeFiles/cmTC_57484.dir/CMakeCCompilerABI.c.o -c /usr/share/cmake/Modules/CMakeCCompilerABI.c]
  ignore line: [Using built-in specs.]
  ignore line: [COLLECT_GCC=/usr/bin/cc]
  ignore line: [OFFLOAD_TARGET_NAMES=nvptx-none]
  ignore line: [OFFLOAD_TARGET_DEFAULT=1]
  ignore line: [Target: x86_64-redhat-linux]
  ignore line: [Configured with: ../configure --enable-bootstrap --enable-languages=c c++ fortran objc obj-c++ ada go d lto --prefix=/usr --mandir=/usr/share/man --infodir=/usr/share/info --with-bugurl=http://bugzilla.redhat.com/bugzilla --enable-shared --enable-threads=posix --enable-checking=release --enable-multilib --with-system-zlib --enable-__cxa_atexit --disable-libunwind-exceptions --enable-gnu-unique-object --enable-linker-build-id --with-gcc-major-version-only --enable-libstdcxx-backtrace --with-linker-hash-style=gnu --enable-plugin --enable-initfini-array --with-isl=/builddir/build/BUILD/gcc-12.2.1-20221121/obj-x86_64-redhat-linux/isl-install --enable-offload-targets=nvptx-none --without-cuda-driver --enable-offload-defaulted --enable-gnu-indirect-function --enable-cet --with-tune=generic --with-arch_32=i686 --build=x86_64-redhat-linux --with-build-config=bootstrap-lto --enable-link-serialization=1]
  ignore line: [Thread model: posix]
  ignore line: [Supported LTO compression algorithms: zlib zstd]
  ignore line: [gcc version 12.2.1 20221121 (Red Hat 12.2.1-4) (GCC) ]
  ignore line: [COLLECT_GCC_OPTIONS='-v' '-o' 'CMakeFiles/cmTC_57484.dir/CMakeCCompilerABI.c.o' '-c' '-mtune=generic' '-march=x86-64' '-dumpdir' 'CMakeFiles/cmTC_57484.dir/']
  ignore line: [ /usr/libexec/gcc/x86_64-redhat-linux/12/cc1 -quiet -v /usr/share/cmake/Modules/CMakeCCompilerABI.c -quiet -dumpdir CMakeFiles/cmTC_57484.dir/ -dumpbase CMakeCCompilerABI.c.c -dumpbase-ext .c -mtune=generic -march=x86-64 -version -o /tmp/cckNtZaA.s]
  ignore line: [GNU C17 (GCC) version 12.2.1 20221121 (Red Hat 12.2.1-4) (x86_64-redhat-linux)]
  ignore line: [	compiled by GNU C version 12.2.1 20221121 (Red Hat 12.2.1-4)  GMP version 6.2.1  MPFR version 4.1.0-p13  MPC version 1.2.1  isl version isl-0.24-GMP]
  ignore line: []
  ignore line: [GGC heuristics: --param ggc-min-expand=100 --param ggc-min-heapsize=131072]
  ignore line: [ignoring nonexistent directory "/usr/lib/gcc/x86_64-redhat-linux/12/include-fixed"]
  ignore line: [ignoring nonexistent directory "/usr/lib/gcc/x86_64-redhat-linux/12/../../../../x86_64-redhat-linux/include"]
  ignore line: [#include "..." search starts here:]
  ignore line: [#include <...> search starts here:]
  ignore line: [ /usr/lib/gcc/x86_64-redhat-linux/12/include]
  ignore line: [ /usr/local/include]
  ignore line: [ /usr/include]
  ignore line: [End of search list.]
  ignore line: [GNU C17 (GCC) version 12.2.1 20221121 (Red Hat 12.2.1-4) (x86_64-redhat-linux)]
  ignore line: [	compiled by GNU C version 12.2.1 20221121 (Red Hat 12.2.1-4)  GMP version 6.2.1  MPFR version 4.1.0-p13  MPC version 1.2.1  isl version isl-0.24-GMP]
  ignore line: []
  ignore line: [GGC heuristics: --param ggc-min-expand=100 --param ggc-min-heapsize=131072]
  ignore line: [Compiler executable checksum: e7cfb398591188071efa3be810fe2962]
  ignore line: [COLLECT_GCC_OPTIONS='-v' '-o' 'CMakeFiles/cmTC_57484.dir/CMakeCCompilerABI.c.o' '-c' '-mtune=generic' '-march=x86-64' '-dumpdir' 'CMakeFiles/cmTC_57484.dir/']
  ignore line: [ as -v --64 -o CMakeFiles/cmTC_57484.dir/CMakeCCompilerABI.c.o /tmp/cckNtZaA.s]
  ignore line: [GNU assembler version 2.38 (x86_64-redhat-linux) using BFD version version 2.38-25.fc37]
  ignore line: [COMPILER_PATH=/usr/libexec/gcc/x86_64-redhat-linux/12/:/usr/libexec/gcc/x86_64-redhat-linux/12/:/usr/libexec/gcc/x86_64-redhat-linux/:/usr/lib/gcc/x86_64-redhat-linux/12/:/usr/lib/gcc/x86_64-redhat-linux/]
  ignore line: [LIBRARY_PATH=/usr/lib/gcc/x86_64-redhat-linux/12/:/usr/lib/gcc/x86_64-redhat-linux/12/../../../../lib64/:/lib/../lib64/:/usr/lib/../lib64/:/usr/lib/gcc/x86_64-redhat-linux/12/../../../:/lib/:/usr/lib/]
  ignore line: [COLLECT_GCC_OPTIONS='-v' '-o' 'CMakeFiles/cmTC_57484.dir/CMakeCCompilerABI.c.o' '-c' '-mtune=generic' '-march=x86-64' '-dumpdir' 'CMakeFiles/cmTC_57484.dir/CMakeCCompilerABI.c.']
  ignore line: [Linking C executable cmTC_57484]
  ignore line: [/usr/bin/cmake -E cmake_link_script CMakeFiles/cmTC_57484.dir/link.txt --verbose=1]
  ignore line: [/usr/bin/cc  -v CMakeFiles/cmTC_57484.dir/CMakeCCompilerABI.c.o -o cmTC_57484 ]
  ignore line: [Using built-in specs.]
  ignore line: [COLLECT_GCC=/usr/bin/cc]
  ignore line: [COLLECT_LTO_WRAPPER=/usr/libexec/gcc/x86_64-redhat-linux/12/lto-wrapper]
  ignore line: [OFFLOAD_TARGET_NAMES=nvptx-none]
  ignore line: [OFFLOAD_TARGET_DEFAULT=1]
  ignore line: [Target: x86_64-redhat-linux]
  ignore line: [Configured with: ../configure --enable-bootstrap --enable-languages=c c++ fortran objc obj-c++ ada go d lto --prefix=/usr --mandir=/usr/share/man --infodir=/usr/share/info --with-bugurl=http://bugzilla.redhat.com/bugzilla --enable-shared --enable-threads=posix --enable-checking=release --enable-multilib --with-system-zlib --enable-__cxa_atexit --disable-libunwind-exceptions --enable-gnu-unique-object --enable-linker-build-id --with-gcc-major-version-only --enable-libstdcxx-backtrace --with-linker-hash-style=gnu --enable-plugin --enable-initfini-array --with-isl=/builddir/build/BUILD/gcc-12.2.1-20221121/obj-x86_64-redhat-linux/isl-install --enable-offload-targets=nvptx-none --without-cuda-driver --enable-offload-defaulted --enable-gnu-indirect-function --enable-cet --with-tune=generic --with-arch_32=i686 --build=x86_64-redhat-linux --with-build-config=bootstrap-lto --enable-link-serialization=1]
  ignore line: [Thread model: posix]
  ignore line: [Supported LTO compression algorithms: zlib zstd]
  ignore line: [gcc version 12.2.1 20221121 (Red Hat 12.2.1-4) (GCC) ]
  ignore line: [COMPILER_PATH=/usr/libexec/gcc/x86_64-redhat-linux/12/:/usr/libexec/gcc/x86_64-redhat-linux/12/:/usr/libexec/gcc/x86_64-redhat-linux/:/usr/lib/gcc/x86_64-redhat-linux/12/:/usr/lib/gcc/x86_64-redhat-linux/]
  ignore line: [LIBRARY_PATH=/usr/lib/gcc/x86_64-redhat-linux/12/:/usr/lib/gcc/x86_64-redhat-linux/12/../../../../lib64/:/lib/../lib64/:/usr/lib/../lib64/:/usr/lib/gcc/x86_64-redhat-linux/12/../../../:/lib/:/usr/lib/]
  ignore line: [COLLECT_GCC_OPTIONS='-v' '-o' 'cmTC_57484' '-mtune=generic' '-march=x86-64' '-dumpdir' 'cmTC_57484.']
  link line: [ /usr/libexec/gcc/x86_64-redhat-linux/12/collect2 -plugin /usr/libexec/gcc/x86_64-redhat-linux/12/liblto_plugin.so -plugin-opt=/usr/libexec/gcc/x86_64-redhat-linux/12/lto-wrapper -plugin-opt=-fresolution=/tmp/ccPvq5VD.res -plugin-opt=-pass-through=-lgcc -plugin-opt=-pass-through=-lgcc_s -plugin-opt=-pass-through=-lc -plugin-opt=-pass-through=-lgcc -plugin-opt=-pass-through=-lgcc_s --build-id --no-add-needed --eh-frame-hdr --hash-style=gnu -m elf_x86_64 -dynamic-linker /lib64/ld-linux-x86-64.so.2 -o cmTC_57484 /usr/lib/gcc/x86_64-redhat-linux/12/../../../../lib64/crt1.o /usr/lib/gcc/x86_64-redhat-linux/12/../../../../lib64/crti.o /usr/lib/gcc/x86_64-redhat-linux/12/crtbegin.o -L/usr/lib/gcc/x86_64-redhat-linux/12 -L/usr/lib/gcc/x86_64-redhat-linux/12/../../../../lib64 -L/lib/../lib64 -L/usr/lib/../lib64 -L/usr/lib/gcc/x86_64-redhat-linux/12/../../.. CMakeFiles/cmTC_57484.dir/CMakeCCompilerABI.c.o -lgcc --push-state --as-needed -lgcc_s --pop-state -lc -lgcc --push-state --as-needed -lgcc_s --pop-state /usr/lib/gcc/x86_64-redhat-linux/12/crtend.o /usr/lib/gcc/x86_64-redhat-linux/12/../../../../lib64/crtn.o]
    arg [/usr/libexec/gcc/x86_64-redhat-linux/12/collect2] ==> ignore
    arg [-plugin] ==> ignore
    arg [/usr/libexec/gcc/x86_64-redhat-linux/12/liblto_plugin.so] ==> ignore
    arg [-plugin-opt=/usr/libexec/gcc/x86_64-redhat-linux/12/lto-wrapper] ==> ignore
    arg [-plugin-opt=-fresolution=/tmp/ccPvq5VD.res] ==> ignore
    arg [-plugin-opt=-pass-through=-lgcc] ==> ignore
    arg [-plugin-opt=-pass-through=-lgcc_s] ==> ignore
    arg [-plugin-opt=-pass-through=-lc] ==> ignore
    arg [-plugin-opt=-pass-through=-lgcc] ==> ignore
    arg [-plugin-opt=-pass-through=-lgcc_s] ==> ignore
    arg [--build-id] ==> ignore
    arg [--no-add-needed] ==> ignore
    arg [--eh-frame-hdr] ==> ignore
    arg [--hash-style=gnu] ==> ignore
    arg [-m] ==> ignore
    arg [elf_x86_64] ==> ignore
    arg [-dynamic-linker] ==> ignore
    arg [/lib64/ld-linux-x86-64.so.2] ==> ignore
    arg [-o] ==> ignore
    arg [cmTC_57484] ==> ignore
    arg [/usr/lib/gcc/x86_64-redhat-linux/12/../../../../lib64/crt1.o] ==> obj [/usr/lib/gcc/x86_64-redhat-linux/12/../../../../lib64/crt1.o]
    arg [/usr/lib/gcc/x86_64-redhat-linux/12/../../../../lib64/crti.o] ==> obj [/usr/lib/gcc/x86_64-redhat-linux/12/../../../../lib64/crti.o]
    arg [/usr/lib/gcc/x86_64-redhat-linux/12/crtbegin.o] ==> obj [/usr/lib/gcc/x86_64-redhat-linux/12/crtbegin.o]
    arg [-L/usr/lib/gcc/x86_64-redhat-linux/12] ==> dir [/usr/lib/gcc/x86_64-redhat-linux/12]
    arg [-L/usr/lib/gcc/x86_64-redhat-linux/12/../../../../lib64] ==> dir [/usr/lib/gcc/x86_64-redhat-linux/12/../../../../lib64]
    arg [-L/lib/../lib64] ==> dir [/lib/../lib64]
    arg [-L/usr/lib/../lib64] ==> dir [/usr/lib/../lib64]
    arg [-L/usr/lib/gcc/x86_64-redhat-linux/12/../../..] ==> dir [/usr/lib/gcc/x86_64-redhat-linux/12/../../..]
    arg [CMakeFiles/cmTC_57484.dir/CMakeCCompilerABI.c.o] ==> ignore
    arg [-lgcc] ==> lib [gcc]
    arg [--push-state] ==> ignore
    arg [--as-needed] ==> ignore
    arg [-lgcc_s] ==> lib [gcc_s]
    arg [--pop-state] ==> ignore
    arg [-lc] ==> lib [c]
    arg [-lgcc] ==> lib [gcc]
    arg [--push-state] ==> ignore
    arg [--as-needed] ==> ignore
    arg [-lgcc_s] ==> lib [gcc_s]
    arg [--pop-state] ==> ignore
    arg [/usr/lib/gcc/x86_64-redhat-linux/12/crtend.o] ==> obj [/usr/lib/gcc/x86_64-redhat-linux/12/crtend.o]
    arg [/usr/lib/gcc/x86_64-redhat-linux/12/../../../../lib64/crtn.o] ==> obj [/usr/lib/gcc/x86_64-redhat-linux/12/../../../../lib64/crtn.o]
  collapse obj [/usr/lib/gcc/x86_64-redhat-linux/12/../../../../lib64/crt1.o] ==> [/usr/lib64/crt1.o]
  collapse obj [/usr/lib/gcc/x86_64-redhat-linux/12/../../../../lib64/crti.o] ==> [/usr/lib64/crti.o]
  collapse obj [/usr/lib/gcc/x86_64-redhat-linux/12/../../../../lib64/crtn.o] ==> [/usr/lib64/crtn.o]
  collapse library dir [/usr/lib/gcc/x86_64-redhat-linux/12] ==> [/usr/lib/gcc/x86_64-redhat-linux/12]
  collapse library dir [/usr/lib/gcc/x86_64-redhat-linux/12/../../../../lib64] ==> [/usr/lib64]
  collapse library dir [/lib/../lib64] ==> [/lib64]
  collapse library dir [/usr/lib/../lib64] ==> [/usr/lib64]
  collapse library dir [/usr/lib/gcc/x86_64-redhat-linux/12/../../..] ==> [/usr/lib]
  implicit libs: [gcc;gcc_s;c;gcc;gcc_s]
  implicit objs: [/usr/lib64/crt1.o;/usr/lib64/crti.o;/usr/lib/gcc/x86_64-redhat-linux/12/crtbegin.o;/usr/lib/gcc/x86_64-redhat-linux/12/crtend.o;/usr/lib64/crtn.o]
  implicit dirs: [/usr/lib/gcc/x86_64-redhat-linux/12;/usr/lib64;/lib64;/usr/lib]
  implicit fwks: []


Detecting CXX compiler ABI info compiled with the following output:
Change Dir: /home/devin/Documents/Fornax/build/CMakeFiles/CMakeScratch/TryCompile-PdzPYi

Run Build Command(s):/usr/bin/gmake -f Makefile cmTC_9e24f/fast && /usr/bin/gmake  -f CMakeFiles/cmTC_9e24f.dir/build.make CMakeFiles/cmTC_9e24f.dir/build
gmake[1]: Entering directory '/home/devin/Documents/Fornax/build/CMakeFiles/CMakeScratch/TryCompile-PdzPYi'
Building CXX object CMakeFiles/cmTC_9e24f.dir/CMakeCXXCompilerABI.cpp.o
/usr/bin/c++   -v -std=gnu++20 -o CMakeFiles/cmTC_9e24f.dir/CMakeCXXCompilerABI.cpp.o -c /usr/share/cmake/Modules/CMakeCXXCompilerABI.cpp
Using built-in specs.
COLLECT_GCC=/usr/bin/c++
OFFLOAD_TARGET_NAMES=nvptx-none
OFFLOAD_TARGET_DEFAULT=1
Target: x86_64-redhat-linux
Configured with: ../configure --enable-bootstrap --enable-languages=c,c++,fortran,objc,obj-c++,ada,go,d,lto --prefix=/usr --mandir=/usr/share/man --infodir=/usr/share/info --with-bugurl=http://bugzilla.redhat.com/bugzilla --enable-shared --enable-threads=posix --enable-checking=release --enable-multilib --with-system-zlib --enable-__cxa_atexit --disable-libunwind-exceptions --enable-gnu-unique-object --enable-linker-build-id --with-gcc-major-version-only --enable-libstdcxx-backtrace --with-linker-hash-style=gnu --enable-plugin --enable-initfini-array --with-isl=/builddir/build/BUILD/gcc-12.2.1-20221121/obj-x86_64-redhat-linux/isl-install --enable-offload-targets=nvptx-none --without-cuda-driver --enable-offload-defaulted --enable-gnu-indirect-function --enable-cet --with-tune=generic --with-arch_32=i686 --build=x86_64-redhat-linux --with-build-config=bootstrap-lto --enable-link-serialization=1
Thread model: posix
Supported LTO compression algorithms: zlib zstd
gcc version 12.2.1 20221121 (Red Hat 12.2.1-4) (GCC) 
COLLECT_GCC_OPTIONS='-v' '-std=gnu++20' '-o' 'CMakeFiles/cmTC_9e24f.dir/CMakeCXXCompilerABI.cpp.o' '-c' '-shared-libgcc' '-mtune=generic' '-march=x86-64' '-dumpdir' 'CMakeFiles/cmTC_9e24f.dir/'
 /usr/libexec/gcc/x86_64-redhat-linux/12/cc1plus -quiet -v -D_GNU_SOURCE /usr/share/cmake/Modules/CMakeCXXCompilerABI.cpp -quiet -dumpdir CMakeFiles/cmTC_9e24f.dir/ -dumpbase CMakeCXXCompilerABI.cpp.cpp -dumpbase-ext .cpp -mtune=generic -march=x86-64 -std=gnu++20 -version -o /tmp/cckkTqGS.s
GNU C++20 (GCC) version 12.2.1 20221121 (Red Hat 12.2.1-4) (x86_64-redhat-linux)
	compiled by GNU C version 12.2.1 20221121 (Red Hat 12.2.1-4), GMP version 6.2.1, MPFR version 4.1.0-p13, MPC version 1.2.1, isl version isl-0.24-GMP

GGC heuristics: --param ggc-min-expand=100 --param ggc-min-heapsize=131072
ignoring nonexistent directory "/usr/lib/gcc/x86_64-redhat-linux/12/include-fixed"
ignoring nonexistent directory "/usr/lib/gcc/x86_64-redhat-linux/12/../../../../x86_64-redhat-linux/include"
#include "..." search starts here:
#include <...> search starts here:
 /usr/lib/gcc/x86_64-redhat-linux/12/../../../../include/c++/12
 /usr/lib/gcc/x86_64-redhat-linux/12/../../../../include/c++/12/x86_64-redhat-linux
 /usr/lib/gcc/x86_64-redhat-linux/12/../../../../include/c++/12/backward
 /usr/lib/gcc/x86_64-redhat-linux/12/include
 /usr/local/include
 /usr/include
End of search list.
GNU C++20 (GCC) version 12.2.1 20221121 (Red Hat 12.2.1-4) (x86_64-redhat-linux)
	compiled by GNU C version 12.2.1 20221121 (Red Hat 12.2.1-4), GMP version 6.2.1, MPFR version 4.1.0-p13, MPC version 1.2.1, isl version isl-0.24-GMP

GGC heuristics: --param ggc-min-expand=100 --param ggc-min-heapsize=131072
Compiler executable checksum: b80dcb4218100c8bed4b8384479def9a
COLLECT_GCC_OPTIONS='-v' '-std=gnu++20' '-o' 'CMakeFiles/cmTC_9e24f.dir/CMakeCXXCompilerABI.cpp.o' '-c' '-shared-libgcc' '-mtune=generic' '-march=x86-64' '-dumpdir' 'CMakeFiles/cmTC_9e24f.dir/'
 as -v --64 -o CMakeFiles/cmTC_9e24f.dir/CMakeCXXCompilerABI.cpp.o /tmp/cckkTqGS.s
GNU assembler version 2.38 (x86_64-redhat-linux) using BFD version version 2.38-25.fc37
COMPILER_PATH=/usr/libexec/gcc/x86_64-redhat-linux/12/:/usr/libexec/gcc/x86_64-redhat-linux/12/:/usr/libexec/gcc/x86_64-redhat-linux/:/usr/lib/gcc/x86_64-redhat-linux/12/:/usr/lib/gcc/x86_64-redhat-linux/
LIBRARY_PATH=/usr/lib/gcc/x86_64-redhat-linux/12/:/usr/lib/gcc/x86_64-redhat-linux/12/../../../../lib64/:/lib/../lib64/:/usr/lib/../lib64/:/usr/lib/gcc/x86_64-redhat-linux/12/../../../:/lib/:/usr/lib/
COLLECT_GCC_OPTIONS='-v' '-std=gnu++20' '-o' 'CMakeFiles/cmTC_9e24f.dir/CMakeCXXCompilerABI.cpp.o' '-c' '-shared-libgcc' '-mtune=generic' '-march=x86-64' '-dumpdir' 'CMakeFiles/cmTC_9e24f.dir/CMakeCXXCompilerABI.cpp.'
Linking CXX executable cmTC_9e24f
/usr/bin/cmake -E cmake_link_script CMakeFiles/cmTC_9e24f.dir/link.txt --verbose=1
/usr/bin/c++  -v CMakeFiles/cmTC_9e24f.dir/CMakeCXXCompilerABI.cpp.o -o cmTC_9e24f 
Using built-in specs.
COLLECT_GCC=/usr/bin/c++
COLLECT_LTO_WRAPPER=/usr/libexec/gcc/x86_64-redhat-linux/12/lto-wrapper
OFFLOAD_TARGET_NAMES=nvptx-none
OFFLOAD_TARGET_DEFAULT=1
Target: x86_64-redhat-linux
Configured with: ../configure --enable-bootstrap --enable-languages=c,c++,fortran,objc,obj-c++,ada,go,d,lto --prefix=/usr --mandir=/usr/share/man --infodir=/usr/share/info --with-bugurl=http://bugzilla.redhat.com/bugzilla --enable-shared --enable-threads=posix --enable-checking=release --enable-multilib --with-system-zlib --enable-__cxa_atexit --disable-libunwind-exceptions --enable-gnu-unique-object --enable-linker-build-id --with-gcc-major-version-only --enable-libstdcxx-backtrace --with-linker-hash-style=gnu --enable-plugin --enable-initfini-array --with-isl=/builddir/build/BUILD/gcc-12.2.1-20221121/obj-x86_64-redhat-linux/isl-install --enable-offload-targets=nvptx-none --without-cuda-driver --enable-offload-defaulted --enable-gnu-indirect-function --enable-cet --with-tune=generic --with-arch_32=i686 --build=x86_64-redhat-linux --with-build-config=bootstrap-lto --enable-link-serialization=1
Thread model: posix
Supported LTO compression algorithms: zlib zstd
gcc version 12.2.1 20221121 (Red Hat 12.2.1-4) (GCC) 
COMPILER_PATH=/usr/libexec/gcc/x86_64-redhat-linux/12/:/usr/libexec/gcc/x86_64-redhat-linux/12/:/usr/libexec/gcc/x86_64-redhat-linux/:/usr/lib/gcc/x86_64-redhat-linux/12/:/usr/lib/gcc/x86_64-redhat-linux/
LIBRARY_PATH=/usr/lib/gcc/x86_64-redhat-linux/12/:/usr/lib/gcc/x86_64-redhat-linux/12/../../../../lib64/:/lib/../lib64/:/usr/lib/../lib64/:/usr/lib/gcc/x86_64-redhat-linux/12/../../../:/lib/:/usr/lib/
COLLECT_GCC_OPTIONS='-v' '-o' 'cmTC_9e24f' '-shared-libgcc' '-mtune=generic' '-march=x86-64' '-dumpdir' 'cmTC_9e24f.'
 /usr/libexec/gcc/x86_64-redhat-linux/12/collect2 -plugin /usr/libexec/gcc/x86_64-redhat-linux/12/liblto_plugin.so -plugin-opt=/usr/libexec/gcc/x86_64-redhat-linux/12/lto-wrapper -plugin-opt=-fresolution=/tmp/ccc7CFm7.res -plugin-opt=-pass-through=-lgcc_s -plugin-opt=-pass-through=-lgcc -plugin-opt=-pass-through=-lc -plugin-opt=-pass-through=-lgcc_s -plugin-opt=-pass-through=-lgcc --build-id --no-add-needed --eh-frame-hdr --hash-style=gnu -m elf_x86_64 -dynamic-linker /lib64/ld-linux-x86-64.so.2 -o cmTC_9e24f /usr/lib/gcc/x86_64-redhat-linux/12/../../../../lib64/crt1.o /usr/lib/gcc/x86_64-redhat-linux/12/../../../../lib64/crti.o /usr/lib/gcc/x86_64-redhat-linux/12/crtbegin.o -L/usr/lib/gcc/x86_64-redhat-linux/12 -L/usr/lib/gcc/x86_64-redhat-linux/12/../../../../lib64 -L/lib/../lib64 -L/usr/lib/../lib64 -L/usr/lib/gcc/x86_64-redhat-linux/12/../../.. CMakeFiles/cmTC_9e24f.dir/CMakeCXXCompilerABI.cpp.o -lstdc++ -lm -lgcc_s -lgcc -lc -lgcc_s -lgcc /usr/lib/gcc/x86_64-redhat-linux/12/crtend.o /usr/lib/gcc/x86_64-redhat-linux/12/../../../../lib64/crtn.o
COLLECT_GCC_OPTIONS='-v' '-o' 'cmTC_9e24f' '-shared-libgcc' '-mtune=generic' '-march=x86-64' '-dumpdir' 'cmTC_9e24f.'
gmake[1]: Leaving directory '/home/devin/Documents/Fornax/build/CMakeFiles/CMakeScratch/TryCompile-PdzPYi'



Parsed CXX implicit include dir info from above output: rv=done
  found start of include info
  found start of implicit include info
    add: [/usr/lib/gcc/x86_64-redhat-linux/12/../../../../include/c++/12]
    add: [/usr/lib/gcc/x86_64-redhat-linux/12/../../../../include/c++/12/x86_64-redhat-linux]
    add: [/usr/lib/gcc/x86_64-redhat-linux/12/../../../../include/c++/12/backward]
    add: [/usr/lib/gcc/x86_64-redhat-linux/12/include]
    add: [/usr/local/include]
    add: [/usr/include]
  end of search list found
  collapse include dir [/usr/lib/gcc/x86_64-redhat-linux/12/../../../../include/c++/12] ==> [/usr/include/c++/12]
  collapse include dir [/usr/lib/gcc/x86_64-redhat-linux/12/../../../../include/c++/12/x86_64-redhat-linux] ==> [/usr/include/c++/12/x86_64-redhat-linux]
  collapse include dir [/usr/lib/gcc/x86_64-redhat-linux/12/../../../../include/c++/12/backward] ==> [/usr/include/c++/12/backward]
  collapse include dir [/usr/lib/gcc/x86_64-redhat-linux/12/include] ==> [/usr/lib/gcc/x86_64-redhat-linux/12/include]
  collapse include dir [/usr/local/include] ==> [/usr/local/include]
  collapse include dir [/usr/include] ==> [/usr/include]
  implicit include dirs: [/usr/include/c++/12;/usr/include/c++/12/x86_64-redhat-linux;/usr/include/c++/12/backward;/usr/lib/gcc/x86_64-redhat-linux/12/include;/usr/local/include;/usr/include]


Parsed CXX implicit link information from above output:
  link line regex: [^( *|.*[/\])(ld|CMAKE_LINK_STARTFILE-NOTFOUND|([^/\]+-)?ld|collect2)[^/\]*( |$)]
  ignore line: [Change Dir: /home/devin/Documents/Fornax/build/CMakeFiles/CMakeScratch/TryCompile-PdzPYi]
  ignore line: []
  ignore line: [Run Build Command(s):/usr/bin/gmake -f Makefile cmTC_9e24f/fast && /usr/bin/gmake  -f CMakeFiles/cmTC_9e24f.dir/build.make CMakeFiles/cmTC_9e24f.dir/build]
  ignore line: [gmake[1]: Entering directory '/home/devin/Documents/Fornax/build/CMakeFiles/CMakeScratch/TryCompile-PdzPYi']
  ignore line: [Building CXX object CMakeFiles/cmTC_9e24f.dir/CMakeCXXCompilerABI.cpp.o]
  ignore line: [/usr/bin/c++   -v -std=gnu++20 -o CMakeFiles/cmTC_9e24f.dir/CMakeCXXCompilerABI.cpp.o -c /usr/share/cmake/Modules/CMakeCXXCompilerABI.cpp]
  ignore line: [Using built-in specs.]
  ignore line: [COLLECT_GCC=/usr/bin/c++]
  ignore line: [OFFLOAD_TARGET_NAMES=nvptx-none]
  ignore line: [OFFLOAD_TARGET_DEFAULT=1]
  ignore line: [Target: x86_64-redhat-linux]
  ignore line: [Configured with: ../configure --enable-bootstrap --enable-languages=c c++ fortran objc obj-c++ ada go d lto --prefix=/usr --mandir=/usr/share/man --infodir=/usr/share/info --with-bugurl=http://bugzilla.redhat.com/bugzilla --enable-shared --enable-threads=posix --enable-checking=release --enable-multilib --with-system-zlib --enable-__cxa_atexit --disable-libunwind-exceptions --enable-gnu-unique-object --enable-linker-build-id --with-gcc-major-version-only --enable-libstdcxx-backtrace --with-linker-hash-style=gnu --enable-plugin --enable-initfini-array --with-isl=/builddir/build/BUILD/gcc-12.2.1-20221121/obj-x86_64-redhat-linux/isl-install --enable-offload-targets=nvptx-none --without-cuda-driver --enable-offload-defaulted --enable-gnu-indirect-function --enable-cet --with-tune=generic --with-arch_32=i686 --build=x86_64-redhat-linux --with-build-config=bootstrap-lto --enable-link-serialization=1]
  ignore line: [Thread model: posix]
  ignore line: [Supported LTO compression algorithms: zlib zstd]
  ignore line: [gcc version 12.2.1 20221121 (Red Hat 12.2.1-4) (GCC) ]
  ignore line: [COLLECT_GCC_OPTIONS='-v' '-std=gnu++20' '-o' 'CMakeFiles/cmTC_9e24f.dir/CMakeCXXCompilerABI.cpp.o' '-c' '-shared-libgcc' '-mtune=generic' '-march=x86-64' '-dumpdir' 'CMakeFiles/cmTC_9e24f.dir/']
  ignore line: [ /usr/libexec/gcc/x86_64-redhat-linux/12/cc1plus -quiet -v -D_GNU_SOURCE /usr/share/cmake/Modules/CMakeCXXCompilerABI.cpp -quiet -dumpdir CMakeFiles/cmTC_9e24f.dir/ -dumpbase CMakeCXXCompilerABI.cpp.cpp -dumpbase-ext .cpp -mtune=generic -march=x86-64 -std=gnu++20 -version -o /tmp/cckkTqGS.s]
  ignore line: [GNU C++20 (GCC) version 12.2.1 20221121 (Red Hat 12.2.1-4) (x86_64-redhat-linux)]
  ignore line: [	compiled by GNU C version 12.2.1 20221121 (Red Hat 12.2.1-4)  GMP version 6.2.1  MPFR version 4.1.0-p13  MPC version 1.2.1  isl version isl-0.24-GMP]
  ignore line: []
  ignore line: [GGC heuristics: --param ggc-min-expand=100 --param ggc-min-heapsize=131072]
  ignore line: [ignoring nonexistent directory "/usr/lib/gcc/x86_64-redhat-linux/12/include-fixed"]
  ignore line: [ignoring nonexistent directory "/usr/lib/gcc/x86_64-redhat-linux/12/../../../../x86_64-redhat-linux/include"]
  ignore line: [#include "..." search starts here:]
  ignore line: [#include <...> search starts here:]
  ignore line: [ /usr/lib/gcc/x86_64-redhat-linux/12/../../../../include/c++/12]
  ignore line: [ /usr/lib/gcc/x86_64-redhat-linux/12/../../../../include/c++/12/x86_64-redhat-linux]
  ignore line: [ /usr/lib/gcc/x86_64-redhat-linux/12/../../../../include/c++/12/backward]
  ignore line: [ /usr/lib/gcc/x86_64-redhat-linux/12/include]
  ignore line: [ /usr/local/include]
  ignore line: [ /usr/include]
  ignore line: [End of search list.]
  ignore line: [GNU C++20 (GCC) version 12.2.1 20221121 (Red Hat 12.2.1-4) (x86_64-redhat-linux)]
  ignore line: [	compiled by GNU C version 12.2.1 20221121 (Red Hat 12.2.1-4)  GMP version 6.2.1  MPFR version 4.1.0-p13  MPC version 1.2.1  isl version isl-0.24-GMP]
  ignore line: []
  ignore line: [GGC heuristics: --param ggc-min-expand=100 --param ggc-min-heapsize=131072]
  ignore line: [Compiler executable checksum: b80dcb4218100c8bed4b8384479def9a]
  ignore line: [COLLECT_GCC_OPTIONS='-v' '-std=gnu++20' '-o' 'CMakeFiles/cmTC_9e24f.dir/CMakeCXXCompilerABI.cpp.o' '-c' '-shared-libgcc' '-mtune=generic' '-march=x86-64' '-dumpdir' 'CMakeFiles/cmTC_9e24f.dir/']
  ignore line: [ as -v --64 -o CMakeFiles/cmTC_9e24f.dir/CMakeCXXCompilerABI.cpp.o /tmp/cckkTqGS.s]
  ignore line: [GNU assembler version 2.38 (x86_64-redhat-linux) using BFD version version 2.38-25.fc37]
  ignore line: [COMPILER_PATH=/usr/libexec/gcc/x86_64-redhat-linux/12/:/usr/libexec/gcc/x86_64-redhat-linux/12/:/usr/libexec/gcc/x86_64-redhat-linux/:/usr/lib/gcc/x86_64-redhat-linux/12/:/usr/lib/gcc/x86_64-redhat-linux/]
  ignore line: [LIBRARY_PATH=/usr/lib/gcc/x86_64-redhat-linux/12/:/usr/lib/gcc/x86_64-redhat-linux/12/../../../../lib64/:/lib/../lib64/:/usr/lib/../lib64/:/usr/lib/gcc/x86_64-redhat-linux/12/../../../:/lib/:/usr/lib/]
  ignore line: [COLLECT_GCC_OPTIONS='-v' '-std=gnu++20' '-o' 'CMakeFiles/cmTC_9e24f.dir/CMakeCXXCompilerABI.cpp.o' '-c' '-shared-libgcc' '-mtune=generic' '-march=x86-64' '-dumpdir' 'CMakeFiles/cmTC_9e24f.dir/CMakeCXXCompilerABI.cpp.']
  ignore line: [Linking CXX executable cmTC_9e24f]
  ignore line: [/usr/bin/cmake -E cmake_link_script CMakeFiles/cmTC_9e24f.dir/link.txt --verbose=1]
  ignore line: [/usr/bin/c++  -v CMakeFiles/cmTC_9e24f.dir/CMakeCXXCompilerABI.cpp.o -o cmTC_9e24f ]
  ignore line: [Using built-in specs.]
  ignore line: [COLLECT_GCC=/usr/bin/c++]
  ignore line: [COLLECT_LTO_WRAPPER=/usr/libexec/gcc/x86_64-redhat-linux/12/lto-wrapper]
  ignore line: [OFFLOAD_TARGET_NAMES=nvptx-none]
  ignore line: [OFFLOAD_TARGET_DEFAULT=1]
  ignore line: [Target: x86_64-redhat-linux]
  ignore line: [Configured with: ../configure --enable-bootstrap --enable-languages=c c++ fortran objc obj-c++ ada go d lto --prefix=/usr --mandir=/usr/share/man --infodir=/usr/share/info --with-bugurl=http://bugzilla.redhat.com/bugzilla --enable-shared --enable-threads=posix --enable-checking=release --enable-multilib --with-system-zlib --enable-__cxa_atexit --disable-libunwind-exceptions --enable-gnu-unique-object --enable-linker-build-id --with-gcc-major-version-only --enable-libstdcxx-backtrace --with-linker-hash-style=gnu --enable-plugin --enable-initfini-array --with-isl=/builddir/build/BUILD/gcc-12.2.1-20221121/obj-x86_64-redhat-linux/isl-install --enable-offload-targets=nvptx-none --without-cuda-driver --enable-offload-defaulted --enable-gnu-indirect-function --enable-cet --with-tune=generic --with-arch_32=i686 --build=x86_64-redhat-linux --with-build-config=bootstrap-lto --enable-link-serialization=1]
  ignore line: [Thread model: posix]
  ignore line: [Supported LTO compression algorithms: zlib zstd]
  ignore line: [gcc version 12.2.1 20221121 (Red Hat 12.2.1-4) (GCC) ]
  ignore line: [COMPILER_PATH=/usr/libexec/gcc/x86_64-redhat-linux/12/:/usr/libexec/gcc/x86_64-redhat-linux/12/:/usr/libexec/gcc/x86_64-redhat-linux/:/usr/lib/gcc/x86_64-redhat-linux/12/:/usr/lib/gcc/x86_64-redhat-linux/]
  ignore line: [LIBRARY_PATH=/usr/lib/gcc/x86_64-redhat-linux/12/:/usr/lib/gcc/x86_64-redhat-linux/12/../../../../lib64/:/lib/../lib64/:/usr/lib/../lib64/:/usr/lib/gcc/x86_64-redhat-linux/12/../../../:/lib/:/usr/lib/]
  ignore line: [COLLECT_GCC_OPTIONS='-v' '-o' 'cmTC_9e24f' '-shared-libgcc' '-mtune=generic' '-march=x86-64' '-dumpdir' 'cmTC_9e24f.']
  link line: [ /usr/libexec/gcc/x86_64-redhat-linux/12/collect2 -plugin /usr/libexec/gcc/x86_64-redhat-linux/12/liblto_plugin.so -plugin-opt=/usr/libexec/gcc/x86_64-redhat-linux/12/lto-wrapper -plugin-opt=-fresolution=/tmp/ccc7CFm7.res -plugin-opt=-pass-through=-lgcc_s -plugin-opt=-pass-through=-lgcc -plugin-opt=-pass-through=-lc -plugin-opt=-pass-through=-lgcc_s -plugin-opt=-pass-through=-lgcc --build-id --no-add-needed --eh-frame-hdr --hash-style=gnu -m elf_x86_64 -dynamic-linker /lib64/ld-linux-x86-64.so.2 -o cmTC_9e24f /usr/lib/gcc/x86_64-redhat-linux/12/../../../../lib64/crt1.o /usr/lib/gcc/x86_64-redhat-linux/12/../../../../lib64/crti.o /usr/lib/gcc/x86_64-redhat-linux/12/crtbegin.o -L/usr/lib/gcc/x86_64-redhat-linux/12 -L/usr/lib/gcc/x86_64-redhat-linux/12/../../../../lib64 -L/lib/../lib64 -L/usr/lib/../lib64 -L/usr/lib/gcc/x86_64-redhat-linux/12/../../.. CMakeFiles/cmTC_9e24f.dir/CMakeCXXCompilerABI.cpp.o -lstdc++ -lm -lgcc_s -lgcc -lc -lgcc_s -lgcc /usr/lib/gcc/x86_64-redhat-linux/12/crtend.o /usr/lib/gcc/x86_64-redhat-linux/12/../../../../lib64/crtn.o]
    arg [/usr/libexec/gcc/x86_64-redhat-linux/12/collect2] ==> ignore
    arg [-plugin] ==> ignore
    arg [/usr/libexec/gcc/x86_64-redhat-linux/12/liblto_plugin.so] ==> ignore
    arg [-plugin-opt=/usr/libexec/gcc/x86_64-redhat-linux/12/lto-wrapper] ==> ignore
    arg [-plugin-opt=-fresolution=/tmp/ccc7CFm7.res] ==> ignore
    arg [-plugin-opt=-pass-through=-lgcc_s] ==> ignore
    arg [-plugin-opt=-pass-through=-lgcc] ==> ignore
    arg [-plugin-opt=-pass-through=-lc] ==> ignore
    arg [-plugin-opt=-pass-through=-lgcc_s] ==> ignore
    arg [-plugin-opt=-pass-through=-lgcc] ==> ignore
    arg [--build-id] ==> ignore
    arg [--no-add-needed] ==> ignore
    arg [--eh-frame-hdr] ==> ignore
    arg [--hash-style=gnu] ==> ignore
    arg [-m] ==> ignore
    arg [elf_x86_64] ==> ignore
    arg [-dynamic-linker] ==> ignore
    arg [/lib64/ld-linux-x86-64.so.2] ==> ignore
    arg [-o] ==> ignore
    arg [cmTC_9e24f] ==> ignore
    arg [/usr/lib/gcc/x86_64-redhat-linux/12/../../../../lib64/crt1.o] ==> obj [/usr/lib/gcc/x86_64-redhat-linux/12/../../../../lib64/crt1.o]
    arg [/usr/lib/gcc/x86_64-redhat-linux/12/../../../../lib64/crti.o] ==> obj [/usr/lib/gcc/x86_64-redhat-linux/12/../../../../lib64/crti.o]
    arg [/usr/lib/gcc/x86_64-redhat-linux/12/crtbegin.o] ==> obj [/usr/lib/gcc/x86_64-redhat-linux/12/crtbegin.o]
    arg [-L/usr/lib/gcc/x86_64-redhat-linux/12] ==> dir [/usr/lib/gcc/x86_64-redhat-linux/12]
    arg [-L/usr/lib/gcc/x86_64-redhat-linux/12/../../../../lib64] ==> dir [/usr/lib/gcc/x86_64-redhat-linux/12/../../../../lib64]
    arg [-L/lib/../lib64] ==> dir [/lib/../lib64]
    arg [-L/usr/lib/../lib64] ==> dir [/usr/lib/../lib64]
    arg [-L/usr/lib/gcc/x86_64-redhat-linux/12/../../..] ==> dir [/usr/lib/gcc/x86_64-redhat-linux/12/../../..]
    arg [CMakeFiles/cmTC_9e24f.dir/CMakeCXXCompilerABI.cpp.o] ==> ignore
    arg [-lstdc++] ==> lib [stdc++]
    arg [-lm] ==> lib [m]
    arg [-lgcc_s] ==> lib [gcc_s]
    arg [-lgcc] ==> lib [gcc]
    arg [-lc] ==> lib [c]
    arg [-lgcc_s] ==> lib [gcc_s]
    arg [-lgcc] ==> lib [gcc]
    arg [/usr/lib/gcc/x86_64-redhat-linux/12/crtend.o] ==> obj [/usr/lib/gcc/x86_64-redhat-linux/12/crtend.o]
    arg [/usr/lib/gcc/x86_64-redhat-linux/12/../../../../lib64/crtn.o] ==> obj [/usr/lib/gcc/x86_64-redhat-linux/12/../../../../lib64/crtn.o]
  collapse obj [/usr/lib/gcc/x86_64-redhat-linux/12/../../../../lib64/crt1.o] ==> [/usr/lib64/crt1.o]
  collapse obj [/usr/lib/gcc/x86_64-redhat-linux/12/../../../../lib64/crti.o] ==> [/usr/lib64/crti.o]
  collapse obj [/usr/lib/gcc/x86_64-redhat-linux/12/../../../../lib64/crtn.o] ==> [/usr/lib64/crtn.o]
  collapse library dir [/usr/lib/gcc/x86_64-redhat-linux/12] ==> [/usr/lib/gcc/x86_64-redhat-linux/12]
  collapse library dir [/usr/lib/gcc/x86_64-redhat-linux/12/../../../../lib64] ==> [/usr/lib64]
  collapse library dir [/lib/../lib64] ==> [/lib64]
  collapse library dir [/usr/lib/../lib64] ==> [/usr/lib64]
  collapse library dir [/usr/lib/gcc/x86_64-redhat-linux/12/../../..] ==> [/usr/lib]
  implicit libs: [stdc++;m;gcc_s;gcc;c;gcc_s;gcc]
  implicit objs: [/usr/lib64/crt1.o;/usr/lib64/crti.o;/usr/lib/gcc/x86_64-redhat-linux/12/crtbegin.o;/usr/lib/gcc/x86_64-redhat-linux/12/crtend.o;/usr/lib64/crtn.o]
  implicit dirs: [/usr/lib/gcc/x86_64-redhat-linux/12;/usr/lib64;/lib64;/usr/lib]
  implicit fwks: []


Performing C SOURCE FILE Test CMAKE_HAVE_LIBC_PTHREAD succeeded with the following output:
Change Dir: /home/devin/Documents/Fornax/build/CMakeFiles/CMakeScratch/TryCompile-NWERnP

Run Build Command(s):/usr/bin/gmake -f Makefile cmTC_45d02/fast && gmake[1]: Entering directory '/home/devin/Documents/Fornax/build/CMakeFiles/CMakeScratch/TryCompile-NWERnP'
/usr/bin/gmake  -f CMakeFiles/cmTC_45d02.dir/build.make CMakeFiles/cmTC_45d02.dir/build
gmake[2]: Entering directory '/home/devin/Documents/Fornax/build/CMakeFiles/CMakeScratch/TryCompile-NWERnP'
Building C object CMakeFiles/cmTC_45d02.dir/src.c.o
/usr/bin/cc -DCMAKE_HAVE_LIBC_PTHREAD   -o CMakeFiles/cmTC_45d02.dir/src.c.o -c /home/devin/Documents/Fornax/build/CMakeFiles/CMakeScratch/TryCompile-NWERnP/src.c
Linking C executable cmTC_45d02
/usr/bin/cmake -E cmake_link_script CMakeFiles/cmTC_45d02.dir/link.txt --verbose=1
/usr/bin/cc CMakeFiles/cmTC_45d02.dir/src.c.o -o cmTC_45d02 
gmake[2]: Leaving directory '/home/devin/Documents/Fornax/build/CMakeFiles/CMakeScratch/TryCompile-NWERnP'
gmake[1]: Leaving directory '/home/devin/Documents/Fornax/build/CMakeFiles/CMakeScratch/TryCompile-NWERnP'


Source file was:
#include <pthread.h>

static void* test_func(void* data)
{
  return data;
}

int main(void)
{
  pthread_t thread;
  pthread_create(&thread, NULL, test_func, NULL);
  pthread_detach(thread);
  pthread_cancel(thread);
  pthread_join(thread, NULL);
  pthread_atfork(NULL, NULL, NULL);
  pthread_exit(NULL);

  return 0;
}


Determining if the function XOpenDisplay exists in the /usr/lib64/libX11.so;/usr/lib64/libXext.so passed with the following output:
Change Dir: /home/devin/Documents/Fornax/build/CMakeFiles/CMakeScratch/TryCompile-z3g8Ny

Run Build Command(s):/usr/bin/gmake -f Makefile cmTC_8bac0/fast && gmake[1]: Entering directory '/home/devin/Documents/Fornax/build/CMakeFiles/CMakeScratch/TryCompile-z3g8Ny'
/usr/bin/gmake  -f CMakeFiles/cmTC_8bac0.dir/build.make CMakeFiles/cmTC_8bac0.dir/build
gmake[2]: Entering directory '/home/devin/Documents/Fornax/build/CMakeFiles/CMakeScratch/TryCompile-z3g8Ny'
Building C object CMakeFiles/cmTC_8bac0.dir/CheckFunctionExists.c.o
/usr/bin/cc   -DCHECK_FUNCTION_EXISTS=XOpenDisplay -o CMakeFiles/cmTC_8bac0.dir/CheckFunctionExists.c.o -c /home/devin/Documents/Fornax/build/CMakeFiles/CMakeScratch/TryCompile-z3g8Ny/CheckFunctionExists.c
Linking C executable cmTC_8bac0
/usr/bin/cmake -E cmake_link_script CMakeFiles/cmTC_8bac0.dir/link.txt --verbose=1
/usr/bin/cc  -DCHECK_FUNCTION_EXISTS=XOpenDisplay CMakeFiles/cmTC_8bac0.dir/CheckFunctionExists.c.o -o cmTC_8bac0  /usr/lib64/libX11.so /usr/lib64/libXext.so 
gmake[2]: Leaving directory '/home/devin/Documents/Fornax/build/CMakeFiles/CMakeScratch/TryCompile-z3g8Ny'
gmake[1]: Leaving directory '/home/devin/Documents/Fornax/build/CMakeFiles/CMakeScratch/TryCompile-z3g8Ny'



Determining if the function gethostbyname exists passed with the following output:
Change Dir: /home/devin/Documents/Fornax/build/CMakeFiles/CMakeScratch/TryCompile-TXnEQ3

Run Build Command(s):/usr/bin/gmake -f Makefile cmTC_27c3f/fast && gmake[1]: Entering directory '/home/devin/Documents/Fornax/build/CMakeFiles/CMakeScratch/TryCompile-TXnEQ3'
/usr/bin/gmake  -f CMakeFiles/cmTC_27c3f.dir/build.make CMakeFiles/cmTC_27c3f.dir/build
gmake[2]: Entering directory '/home/devin/Documents/Fornax/build/CMakeFiles/CMakeScratch/TryCompile-TXnEQ3'
Building C object CMakeFiles/cmTC_27c3f.dir/CheckFunctionExists.c.o
/usr/bin/cc   -DCHECK_FUNCTION_EXISTS=gethostbyname -o CMakeFiles/cmTC_27c3f.dir/CheckFunctionExists.c.o -c /home/devin/Documents/Fornax/build/CMakeFiles/CMakeScratch/TryCompile-TXnEQ3/CheckFunctionExists.c
Linking C executable cmTC_27c3f
/usr/bin/cmake -E cmake_link_script CMakeFiles/cmTC_27c3f.dir/link.txt --verbose=1
/usr/bin/cc  -DCHECK_FUNCTION_EXISTS=gethostbyname CMakeFiles/cmTC_27c3f.dir/CheckFunctionExists.c.o -o cmTC_27c3f 
gmake[2]: Leaving directory '/home/devin/Documents/Fornax/build/CMakeFiles/CMakeScratch/TryCompile-TXnEQ3'
gmake[1]: Leaving directory '/home/devin/Documents/Fornax/build/CMakeFiles/CMakeScratch/TryCompile-TXnEQ3'



Determining if the function connect exists passed with the following output:
Change Dir: /home/devin/Documents/Fornax/build/CMakeFiles/CMakeScratch/TryCompile-cNqWdI

Run Build Command(s):/usr/bin/gmake -f Makefile cmTC_d1b48/fast && gmake[1]: Entering directory '/home/devin/Documents/Fornax/build/CMakeFiles/CMakeScratch/TryCompile-cNqWdI'
/usr/bin/gmake  -f CMakeFiles/cmTC_d1b48.dir/build.make CMakeFiles/cmTC_d1b48.dir/build
gmake[2]: Entering directory '/home/devin/Documents/Fornax/build/CMakeFiles/CMakeScratch/TryCompile-cNqWdI'
Building C object CMakeFiles/cmTC_d1b48.dir/CheckFunctionExists.c.o
/usr/bin/cc   -DCHECK_FUNCTION_EXISTS=connect -o CMakeFiles/cmTC_d1b48.dir/CheckFunctionExists.c.o -c /home/devin/Documents/Fornax/build/CMakeFiles/CMakeScratch/TryCompile-cNqWdI/CheckFunctionExists.c
Linking C executable cmTC_d1b48
/usr/bin/cmake -E cmake_link_script CMakeFiles/cmTC_d1b48.dir/link.txt --verbose=1
/usr/bin/cc  -DCHECK_FUNCTION_EXISTS=connect CMakeFiles/cmTC_d1b48.dir/CheckFunctionExists.c.o -o cmTC_d1b48 
gmake[2]: Leaving directory '/home/devin/Documents/Fornax/build/CMakeFiles/CMakeScratch/TryCompile-cNqWdI'
gmake[1]: Leaving directory '/home/devin/Documents/Fornax/build/CMakeFiles/CMakeScratch/TryCompile-cNqWdI'



Determining if the function remove exists passed with the following output:
Change Dir: /home/devin/Documents/Fornax/build/CMakeFiles/CMakeScratch/TryCompile-QMnGGb

Run Build Command(s):/usr/bin/gmake -f Makefile cmTC_f2789/fast && gmake[1]: Entering directory '/home/devin/Documents/Fornax/build/CMakeFiles/CMakeScratch/TryCompile-QMnGGb'
/usr/bin/gmake  -f CMakeFiles/cmTC_f2789.dir/build.make CMakeFiles/cmTC_f2789.dir/build
gmake[2]: Entering directory '/home/devin/Documents/Fornax/build/CMakeFiles/CMakeScratch/TryCompile-QMnGGb'
Building C object CMakeFiles/cmTC_f2789.dir/CheckFunctionExists.c.o
/usr/bin/cc   -DCHECK_FUNCTION_EXISTS=remove -o CMakeFiles/cmTC_f2789.dir/CheckFunctionExists.c.o -c /home/devin/Documents/Fornax/build/CMakeFiles/CMakeScratch/TryCompile-QMnGGb/CheckFunctionExists.c
Linking C executable cmTC_f2789
/usr/bin/cmake -E cmake_link_script CMakeFiles/cmTC_f2789.dir/link.txt --verbose=1
/usr/bin/cc  -DCHECK_FUNCTION_EXISTS=remove CMakeFiles/cmTC_f2789.dir/CheckFunctionExists.c.o -o cmTC_f2789 
gmake[2]: Leaving directory '/home/devin/Documents/Fornax/build/CMakeFiles/CMakeScratch/TryCompile-QMnGGb'
gmake[1]: Leaving directory '/home/devin/Documents/Fornax/build/CMakeFiles/CMakeScratch/TryCompile-QMnGGb'



Determining if the function shmat exists passed with the following output:
Change Dir: /home/devin/Documents/Fornax/build/CMakeFiles/CMakeScratch/TryCompile-m2L7Go

Run Build Command(s):/usr/bin/gmake -f Makefile cmTC_af533/fast && gmake[1]: Entering directory '/home/devin/Documents/Fornax/build/CMakeFiles/CMakeScratch/TryCompile-m2L7Go'
/usr/bin/gmake  -f CMakeFiles/cmTC_af533.dir/build.make CMakeFiles/cmTC_af533.dir/build
gmake[2]: Entering directory '/home/devin/Documents/Fornax/build/CMakeFiles/CMakeScratch/TryCompile-m2L7Go'
Building C object CMakeFiles/cmTC_af533.dir/CheckFunctionExists.c.o
/usr/bin/cc   -DCHECK_FUNCTION_EXISTS=shmat -o CMakeFiles/cmTC_af533.dir/CheckFunctionExists.c.o -c /home/devin/Documents/Fornax/build/CMakeFiles/CMakeScratch/TryCompile-m2L7Go/CheckFunctionExists.c
Linking C executable cmTC_af533
/usr/bin/cmake -E cmake_link_script CMakeFiles/cmTC_af533.dir/link.txt --verbose=1
/usr/bin/cc  -DCHECK_FUNCTION_EXISTS=shmat CMakeFiles/cmTC_af533.dir/CheckFunctionExists.c.o -o cmTC_af533 
gmake[2]: Leaving directory '/home/devin/Documents/Fornax/build/CMakeFiles/CMakeScratch/TryCompile-m2L7Go'
gmake[1]: Leaving directory '/home/devin/Documents/Fornax/build/CMakeFiles/CMakeScratch/TryCompile-m2L7Go'



